[2015.11.11-10.14.29:984][  0]Log file open, 11/11/15 05:14:29
[2015.11.11-10.14.29:984][  0]LogInit:Display: Running engine for game: Project3
[2015.11.11-10.14.29:984][  0]LogInit:Display: RandInit(-1179975137) SRandInit(-1179975135).
[2015.11.11-10.14.29:984][  0]LogTaskGraph: Started task graph with 4 named threads and 5 total threads.
[2015.11.11-10.14.29:984][  0]LogStats: Stats thread started at 0.059746
[2015.11.11-10.14.29:984][  0]LogInit: Version: 4.9.2-2707645+++depot+UE4-Releases+4.9
[2015.11.11-10.14.29:984][  0]LogInit: API Version: 2672455
[2015.11.11-10.14.29:984][  0]LogInit: Compiled (64-bit): Sep 28 2015 10:25:44
[2015.11.11-10.14.29:984][  0]LogInit: Compiled with Visual C++: 18.00.21005.01
[2015.11.11-10.14.29:984][  0]LogInit: Build Configuration: Development
[2015.11.11-10.14.29:984][  0]LogInit: Branch Name: ++depot+UE4-Releases+4.9
[2015.11.11-10.14.29:984][  0]LogInit: Command line:  
[2015.11.11-10.14.29:984][  0]LogInit: Base directory: C:/Program Files/Epic Games/4.9/Engine/Binaries/Win64/
[2015.11.11-10.14.29:984][  0]LogInit: Rocket: 1
[2015.11.11-10.14.29:998][  0]LogInit: Using libcurl 7.41.0
[2015.11.11-10.14.29:998][  0]LogInit:  - built for x86_64-pc-win32
[2015.11.11-10.14.29:998][  0]LogInit:  - supports SSL with WinSSL
[2015.11.11-10.14.29:998][  0]LogInit:  - other features:
[2015.11.11-10.14.29:998][  0]LogInit:      CURL_VERSION_SSL
[2015.11.11-10.14.29:998][  0]LogInit:      CURL_VERSION_IPV6
[2015.11.11-10.14.29:998][  0]LogInit:      CURL_VERSION_ASYNCHDNS
[2015.11.11-10.14.29:998][  0]LogInit:      CURL_VERSION_LARGEFILE
[2015.11.11-10.14.29:998][  0]LogInit:      CURL_VERSION_IDN
[2015.11.11-10.14.29:998][  0]LogInit:  CurlRequestOptions (configurable via config and command line):
[2015.11.11-10.14.29:998][  0]LogInit:  - bVerifyPeer = true  - Libcurl will verify peer certificate
[2015.11.11-10.14.29:998][  0]LogInit:  - bUseHttpProxy = false  - Libcurl will NOT use HTTP proxy
[2015.11.11-10.14.29:998][  0]LogInit:  - bDontReuseConnections = false  - Libcurl will reuse connections
[2015.11.11-10.14.29:998][  0]LogInit:  - CertBundlePath = nullptr  - Libcurl will use whatever was configured at build time.
[2015.11.11-10.14.30:007][  0]LogInit: Presizing for 0 objects not considered by GC, pre-allocating 0 bytes.
[2015.11.11-10.14.30:016][  0]LogInit: Object subsystem initialized
[2015.11.11-10.14.30:018][  0]LogInit: Selected Device Profile: [Windows]
[2015.11.11-10.14.30:018][  0]LogInit: Applying CVar settings loaded from the selected device profile: [Windows]
[2015.11.11-10.14.30:031][  0]LogInit: Computer: GODOT
[2015.11.11-10.14.30:031][  0]LogInit: User: Matte
[2015.11.11-10.14.30:031][  0]LogInit: CPU Page size=4096, Cores=2
[2015.11.11-10.14.30:031][  0]LogInit: High frequency timer resolution =2.825620 MHz
[2015.11.11-10.14.30:031][  0]LogMemory: Memory total: Physical=7.7GB (8GB approx)
[2015.11.11-10.14.30:031][  0]LogMemory: Platform Memory Stats for Windows
[2015.11.11-10.14.30:031][  0]LogMemory: Process Physical Memory: 52.66 MB used, 52.66 MB peak
[2015.11.11-10.14.30:031][  0]LogMemory: Process Virtual Memory: 55.41 MB used, 55.41 MB peak
[2015.11.11-10.14.30:031][  0]LogMemory: Physical Memory: 6364.61 MB used, 7888.79 MB total
[2015.11.11-10.14.30:031][  0]LogMemory: Virtual Memory: 351.02 MB used, 134217728.00 MB total
[2015.11.11-10.14.30:064][  0]LogTextLocalizationManager: No specific translations for ('en-US') exist, so ('en') translations will be used.
[2015.11.11-10.14.30:965][  0]LogD3D11RHI: Found D3D11 adapter 0: NVIDIA NVS 5200M (Feature Level 11_0)
[2015.11.11-10.14.30:965][  0]LogD3D11RHI: Adapter has 971MB of dedicated video memory, 0MB of dedicated system memory, and 3071MB of shared system memory, 1 output[s]
[2015.11.11-10.14.30:979][  0]LogD3D11RHI: Found D3D11 adapter 1: NVIDIA NVS 5200M (Feature Level 11_0)
[2015.11.11-10.14.30:979][  0]LogD3D11RHI: Adapter has 971MB of dedicated video memory, 0MB of dedicated system memory, and 3071MB of shared system memory, 0 output[s]
[2015.11.11-10.14.30:981][  0]LogD3D11RHI: Found D3D11 adapter 2: Microsoft Basic Render Driver (Feature Level 11_0)
[2015.11.11-10.14.30:981][  0]LogD3D11RHI: Adapter has 971MB of dedicated video memory, 0MB of dedicated system memory, and 3071MB of shared system memory, 0 output[s]
[2015.11.11-10.14.30:981][  0]LogD3D11RHI: Chosen D3D11 Adapter Id = 0
[2015.11.11-10.14.30:988][  0]LogD3D11RHI: !Direct3DDevice
[2015.11.11-10.14.30:988][  0]LogRHI: Texture pool is 680 MB (70% of 971 MB)
[2015.11.11-10.14.31:015][  0]LogD3D11RHI: Async texture creation enabled
[2015.11.11-10.14.31:034][  0]LogShaderCompilers: Guid format shader working directory is 14 characters bigger than the processId version (../../../../../../Users/Matte/Documents/GameDev/Unreal/Game3/Project3/Intermediate/Shaders/WorkingDirectory/15072/).
[2015.11.11-10.14.31:034][  0]LogShaderCompilers: Cleaned the shader compiler working directory '../../../../../../Users/Matte/Documents/GameDev/Unreal/Game3/Project3/Intermediate/Shaders/tmp/94C73FF446915EDF77FF9DB25F19A8CF/'.
[2015.11.11-10.14.31:034][  0]LogShaderCompilers:Display: Using Local Shader Compiler.
[2015.11.11-10.14.33:512][  0]LogTemp:Display: Loaded TP AllDesktopTargetPlatform
[2015.11.11-10.14.33:530][  0]LogTemp:Display: Loaded TP WindowsClientTargetPlatform
[2015.11.11-10.14.33:539][  0]LogTemp:Display: Loaded TP WindowsNoEditorTargetPlatform
[2015.11.11-10.14.33:550][  0]LogTemp:Display: Loaded TP WindowsServerTargetPlatform
[2015.11.11-10.14.33:561][  0]LogTemp:Display: Loaded TP WindowsTargetPlatform
[2015.11.11-10.14.33:569][  0]LogTemp:Display: Loaded TP AndroidTargetPlatform
[2015.11.11-10.14.33:577][  0]LogTemp:Display: Loaded TP Android_ASTCTargetPlatform
[2015.11.11-10.14.33:589][  0]LogTemp:Display: Loaded TP Android_ATCTargetPlatform
[2015.11.11-10.14.33:599][  0]LogTemp:Display: Loaded TP Android_DXTTargetPlatform
[2015.11.11-10.14.33:605][  0]LogTemp:Display: Loaded TP Android_ETC1TargetPlatform
[2015.11.11-10.14.33:613][  0]LogTemp:Display: Loaded TP Android_ETC2TargetPlatform
[2015.11.11-10.14.33:622][  0]LogTemp:Display: Loaded TP Android_PVRTCTargetPlatform
[2015.11.11-10.14.33:626][  0]LogTemp:Display: Loaded TP HTML5TargetPlatform
[2015.11.11-10.14.33:663][  0]LogTemp:Display: Loaded TP IOSTargetPlatform
[2015.11.11-10.14.33:669][  0]LogTemp:Display: Loaded TP LinuxNoEditorTargetPlatform
[2015.11.11-10.14.33:677][  0]LogTemp:Display: Loaded TP LinuxServerTargetPlatform
[2015.11.11-10.14.33:685][  0]LogTemp:Display: Loaded TP LinuxTargetPlatform
[2015.11.11-10.14.33:685][  0]LogTargetPlatformManager:Display: Building Assets For Windows
[2015.11.11-10.14.33:934][  0]LogDerivedDataCache:Display: Max Cache Size: 512 MB
[2015.11.11-10.14.34:854][  0]LogDerivedDataCache: Loaded boot cache 0.92s 41MB C:/Users/Matte/AppData/Local/UnrealEngine/4.9/DerivedDataCache/Boot.ddc.
[2015.11.11-10.14.34:855][  0]LogDerivedDataCache:Display: Loaded Boot cache: C:/Users/Matte/AppData/Local/UnrealEngine/4.9/DerivedDataCache/Boot.ddc
[2015.11.11-10.14.34:855][  0]LogDerivedDataCache: FDerivedDataBackendGraph:  Pak pak cache file ../../../../../../Users/Matte/Documents/GameDev/Unreal/Game3/Project3/DerivedDataCache/DDC.ddp not found, will not use a pak cache.
[2015.11.11-10.14.34:855][  0]LogDerivedDataCache: Unable to find inner node Pak for hierarchical cache Hierarchy.
[2015.11.11-10.14.34:855][  0]LogDerivedDataCache: FDerivedDataBackendGraph:  CompressedPak pak cache file ../../../../../../Users/Matte/Documents/GameDev/Unreal/Game3/Project3/DerivedDataCache/Compressed.ddp not found, will not use a pak cache.
[2015.11.11-10.14.34:855][  0]LogDerivedDataCache: Unable to find inner node CompressedPak for hierarchical cache Hierarchy.
[2015.11.11-10.14.35:021][  0]LogDerivedDataCache:Display: Pak cache opened for reading ../../../Engine/DerivedDataCache/Compressed.ddp.
[2015.11.11-10.14.35:033][  0]LogDerivedDataCache: Using Local data cache path C:/Users/Matte/AppData/Local/UnrealEngine/Common/DerivedDataCache: Writable
[2015.11.11-10.14.35:319][  0]LogInit: Selected Device Profile: [Windows]
[2015.11.11-10.14.35:323][  0]LogContentStreaming: Texture pool size is 0.000000MB
[2015.11.11-10.14.35:488][  0]LogMeshUtilities: No automatic mesh reduction module available
[2015.11.11-10.14.35:488][  0]LogMeshUtilities: No automatic mesh merging module available
[2015.11.11-10.14.35:854][  0]LogInit: WinSock: version 1.1 (2.2), MaxSocks=32767, MaxUdp=65467
[2015.11.11-10.14.37:254][  0]UdpMessaging: Initializing bridge on interface 0.0.0.0:0 to multicast group 230.0.0.1:6666.
[2015.11.11-10.14.37:398][  0]LogAssetRegistry: FAssetRegistry took 0.0122 seconds to start up
[2015.11.11-10.14.37:681][  0]SourceControl: Info Source control is disabled
[2015.11.11-10.14.37:882][  0]SourceControl: Info Source control is disabled
[2015.11.11-10.14.37:900][  0]SourceControl: Info Source control is disabled
[2015.11.11-10.14.37:917][  0]SourceControl: Info Source control is disabled
[2015.11.11-10.14.38:174][  0]LogLinker:Warning: Asset '../../../Engine/Plugins/Runtime/LeapMotionController/Content/LM_PassthroughMaterial.uasset' has been saved with empty engine version. The asset will be loaded but may be incompatible.
[2015.11.11-10.14.38:352][  0]LogObj: 28361 objects as part of root set at end of initial load.
[2015.11.11-10.14.38:352][  0]LogUObjectAllocator: 6038872 out of 0 bytes used by permanent object pool.
[2015.11.11-10.14.38:669][  0]LogEngine: Initializing Engine...
[2015.11.11-10.14.38:672][  0]LogHMD: Can't find Oculus library dev build: is proper Runtime installed? Version: 0.7.0.0
[2015.11.11-10.14.38:673][  0]LogHMD: SteamVR failed to initialize.  Err: 110
[2015.11.11-10.14.38:870][  0]LogAIModule: Creating AISystem for world NewWorld
[2015.11.11-10.14.38:887][  0]LogInit: XAudio2 using 'Speaker/HP (Realtek High Definition Audio)' : 2 channels at 48 kHz using 32 bits per sample (channel mask 0x3)
[2015.11.11-10.14.39:232][  0]LogInit: FAudioDevice initialized.
[2015.11.11-10.14.39:537][  0]LogDerivedDataCache: Saved boot cache 0.31s 41MB C:/Users/Matte/AppData/Local/UnrealEngine/4.9/DerivedDataCache/Boot.ddc.
[2015.11.11-10.14.39:544][  0]LogInit: Texture streaming: Enabled
[2015.11.11-10.14.39:554][  0]LogAnalytics: Creating configured Analytics provider AnalyticsET
[2015.11.11-10.14.39:554][  0]LogAnalytics: [UEEditor.Rocket.Release] APIServer = http://et2.epicgames.com/ET2/. AppVersion = 4.9.2-2707645+++depot+UE4-Releases+4.9
[2015.11.11-10.14.39:554][  0]LogAnalytics: [UEEditor.Rocket.Release] SetUserId d77fba27455c49f2de675a911e4dc7a4|415d0ecd5d73416fb0ef2061d328b6f8|dd6616a4-5d84-4ec3-ae2d-4aad4178368e
[2015.11.11-10.14.39:554][  0]LogAnalytics: [UEEditor.Rocket.Release] AnalyticsET::StartSession
[2015.11.11-10.14.40:073][  0]LogInit: Transaction tracking system initialized
[2015.11.11-10.14.40:248][  0]BlueprintLog: New page: Editor Load
[2015.11.11-10.14.41:282][  0]LocalizationService: Info Localization service is disabled
[2015.11.11-10.14.43:227][  0]LogConsoleResponse:Display: 
[2015.11.11-10.14.43:427][  0]LogCook:Display: Done creating registry. It took  0.00s.
[2015.11.11-10.14.46:663][  0]LogFileCache: Scanning file cache for directory 'C:/Users/Matte/Documents/GameDev/Unreal/Game3/Project3/Content/' took 0.01s
[2015.11.11-10.14.46:669][  0]SourceControl: Info Source control is disabled
[2015.11.11-10.14.46:669][  0]Cmd: MAP LOAD FILE="../../../../../../Users/Matte/Documents/GameDev/Unreal/Game3/Project3/Content/PuzzleBP/Maps/PuzzleExampleMap.umap" TEMPLATE=0 SHOWPROGRESS=1 FEATURELEVEL=3
[2015.11.11-10.14.46:670][  0]LightingResults: New page: Lighting Build
[2015.11.11-10.14.46:673][  0]MapCheck: New page: Map Check
[2015.11.11-10.14.46:673][  0]LightingResults: New page: Lighting Build
[2015.11.11-10.14.46:696][  0]LogParticles: Destroying 0 GPU particle simulations for FXSystem 0x000000B826FFC400
[2015.11.11-10.14.47:693][  0]LogBlueprint:Warning: [compiler PuzzleBlockGrid] Warning  Set Text (String)  is deprecated; Use the SetText function taking an FText instead.
[2015.11.11-10.14.47:696][  0]LogBlueprint:Warning: [compiler PuzzleBlock