[2015.11.10-04.01.38:301][  0]Log file open, 11/09/15 23:01:38
[2015.11.10-04.01.38:301][  0]LogInit:Display: Running engine for game: Project3
[2015.11.10-04.01.38:301][  0]LogInit:Display: RandInit(1427000597) SRandInit(1427000597).
[2015.11.10-04.01.38:301][  0]LogTaskGraph: Started task graph with 4 named threads and 5 total threads.
[2015.11.10-04.01.38:301][  0]LogStats: Stats thread started at 0.122496
[2015.11.10-04.01.38:301][  0]LogInit: Version: 4.9.2-2707645+++depot+UE4-Releases+4.9
[2015.11.10-04.01.38:301][  0]LogInit: API Version: 2672455
[2015.11.10-04.01.38:301][  0]LogInit: Compiled (64-bit): Sep 28 2015 10:25:44
[2015.11.10-04.01.38:301][  0]LogInit: Compiled with Visual C++: 18.00.21005.01
[2015.11.10-04.01.38:301][  0]LogInit: Build Configuration: Development
[2015.11.10-04.01.38:301][  0]LogInit: Branch Name: ++depot+UE4-Releases+4.9
[2015.11.10-04.01.38:301][  0]LogInit: Command line: 
[2015.11.10-04.01.38:301][  0]LogInit: Base directory: C:/Program Files/Epic Games/4.9/Engine/Binaries/Win64/
[2015.11.10-04.01.38:301][  0]LogInit: Rocket: 1
[2015.11.10-04.01.38:324][  0]LogInit: Using libcurl 7.41.0
[2015.11.10-04.01.38:324][  0]LogInit:  - built for x86_64-pc-win32
[2015.11.10-04.01.38:324][  0]LogInit:  - supports SSL with WinSSL
[2015.11.10-04.01.38:324][  0]LogInit:  - other features:
[2015.11.10-04.01.38:324][  0]LogInit:      CURL_VERSION_SSL
[2015.11.10-04.01.38:324][  0]LogInit:      CURL_VERSION_IPV6
[2015.11.10-04.01.38:324][  0]LogInit:      CURL_VERSION_ASYNCHDNS
[2015.11.10-04.01.38:324][  0]LogInit:      CURL_VERSION_LARGEFILE
[2015.11.10-04.01.38:324][  0]LogInit:      CURL_VERSION_IDN
[2015.11.10-04.01.38:324][  0]LogInit:  CurlRequestOptions (configurable via config and command line):
[2015.11.10-04.01.38:324][  0]LogInit:  - bVerifyPeer = true  - Libcurl will verify peer certificate
[2015.11.10-04.01.38:324][  0]LogInit:  - bUseHttpProxy = false  - Libcurl will NOT use HTTP proxy
[2015.11.10-04.01.38:324][  0]LogInit:  - bDontReuseConnections = false  - Libcurl will reuse connections
[2015.11.10-04.01.38:324][  0]LogInit:  - CertBundlePath = nullptr  - Libcurl will use whatever was configured at build time.
[2015.11.10-04.01.38:376][  0]LogInit: Presizing for 0 objects not considered by GC, pre-allocating 0 bytes.
[2015.11.10-04.01.38:399][  0]LogInit: Object subsystem initialized
[2015.11.10-04.01.38:403][  0]LogInit: Selected Device Profile: [Windows]
[2015.11.10-04.01.38:403][  0]LogInit: Applying CVar settings loaded from the selected device profile: [Windows]
[2015.11.10-04.01.38:438][  0]LogInit: Computer: ARBERJ-PC
[2015.11.10-04.01.38:438][  0]LogInit: User: arberj
[2015.11.10-04.01.38:438][  0]LogInit: CPU Page size=4096, Cores=2
[2015.11.10-04.01.38:438][  0]LogInit: High frequency timer resolution =2.825703 MHz
[2015.11.10-04.01.38:438][  0]LogMemory: Memory total: Physical=7.7GB (8GB approx)
[2015.11.10-04.01.38:438][  0]LogMemory: Platform Memory Stats for Windows
[2015.11.10-04.01.38:438][  0]LogMemory: Process Physical Memory: 54.34 MB used, 54.34 MB peak
[2015.11.10-04.01.38:438][  0]LogMemory: Process Virtual Memory: 58.50 MB used, 58.50 MB peak
[2015.11.10-04.01.38:438][  0]LogMemory: Physical Memory: 5284.96 MB used, 7888.80 MB total
[2015.11.10-04.01.38:438][  0]LogMemory: Virtual Memory: 339.72 MB used, 8388608.00 MB total
[2015.11.10-04.01.38:516][  0]LogTextLocalizationManager: No specific translations for ('en-US') exist, so ('en') translations will be used.
[2015.11.10-04.01.40:145][  0]LogD3D11RHI: Found D3D11 adapter 0: Intel(R) HD Graphics 4000 (Feature Level 11_0)
[2015.11.10-04.01.40:145][  0]LogD3D11RHI: Adapter has 64MB of dedicated video memory, 0MB of dedicated system memory, and 1632MB of shared system memory, 1 output[s]
[2015.11.10-04.01.40:166][  0]LogD3D11RHI: Found D3D11 adapter 1: NVIDIA NVS 5200M (Feature Level 11_0)
[2015.11.10-04.01.40:166][  0]LogD3D11RHI: Adapter has 977MB of dedicated video memory, 0MB of dedicated system memory, and 3071MB of shared system memory, 0 output[s]
[2015.11.10-04.01.40:166][  0]LogD3D11RHI: Chosen D3D11 Adapter Id = 0
[2015.11.10-04.01.40:178][  0]LogD3D11RHI: !Direct3DDevice
[2015.11.10-04.01.40:178][  0]LogRHI: Texture pool is 616 MB (70% of 880 MB)
[2015.11.10-04.01.40:208][  0]LogD3D11RHI: Async texture creation enabled
[2015.11.10-04.01.40:223][  0]LogShaderCompilers: Guid format shader working directory is 15 characters bigger than the processId version (../../../../../../Users/arberj/Documents/Project 3/Project3/Intermediate/Shaders/WorkingDirectory/6364/).
[2015.11.10-04.01.40:282][  0]LogShaderCompilers: Cleaned the shader compiler working directory '../../../../../../Users/arberj/Documents/Project 3/Project3/Intermediate/Shaders/tmp/B5DB2F69436ECD96F590BDBDB99CD06C/'.
[2015.11.10-04.01.40:282][  0]LogShaderCompilers:Display: Using Local Shader Compiler.
[2015.11.10-04.01.42:522][  0]LogTemp:Display: Loaded TP AllDesktopTargetPlatform
[2015.11.10-04.01.42:530][  0]LogTemp:Display: Loaded TP WindowsClientTargetPlatform
[2015.11.10-04.01.42:538][  0]LogTemp:Display: Loaded TP WindowsNoEditorTargetPlatform
[2015.11.10-04.01.42:546][  0]LogTemp:Display: Loaded TP WindowsServerTargetPlatform
[2015.11.10-04.01.42:554][  0]LogTemp:Display: Loaded TP WindowsTargetPlatform
[2015.11.10-04.01.42:559][  0]LogTemp:Display: Loaded TP AndroidTargetPlatform
[2015.11.10-04.01.42:564][  0]LogTemp:Display: Loaded TP Android_ASTCTargetPlatform
[2015.11.10-04.01.42:569][  0]LogTemp:Display: Loaded TP Android_ATCTargetPlatform
[2015.11.10-04.01.42:575][  0]LogTemp:Display: Loaded TP Android_DXTTargetPlatform
[2015.11.10-04.01.42:581][  0]LogTemp:Display: Loaded TP Android_ETC1TargetPlatform
[2015.11.10-04.01.42:587][  0]LogTemp:Display: Loaded TP Android_ETC2TargetPlatform
[2015.11.10-04.01.42:596][  0]LogTemp:Display: Loaded TP Android_PVRTCTargetPlatform
[2015.11.10-04.01.42:598][  0]LogTemp:Display: Loaded TP HTML5TargetPlatform
[2015.11.10-04.01.42:623][  0]LogTemp:Display: Loaded TP IOSTargetPlatform
[2015.11.10-04.01.42:629][  0]LogTemp:Display: Loaded TP LinuxNoEditorTargetPlatform
[2015.11.10-04.01.42:636][  0]LogTemp:Display: Loaded TP LinuxServerTargetPlatform
[2015.11.10-04.01.42:643][  0]LogTemp:Display: Loaded TP LinuxTargetPlatform
[2015.11.10-04.01.42:643][  0]LogTargetPlatformManager:Display: Building Assets For Windows
[2015.11.10-04.01.42:794][  0]LogDerivedDataCache:Display: Max Cache Size: 512 MB
[2015.11.10-04.01.42:872][  0]LogDerivedDataCache: Loaded boot cache 0.08s 41MB C:/Users/arberj/AppData/Local/UnrealEngine/4.9/DerivedDataCache/Boot.ddc.
[2015.11.10-04.01.42:872][  0]LogDerivedDataCache:Display: Loaded Boot cache: C:/Users/arberj/AppData/Local/UnrealEngine/4.9/DerivedDataCache/Boot.ddc
[2015.11.10-04.01.42:872][  0]LogDerivedDataCache: FDerivedDataBackendGraph:  Pak pak cache file ../../../../../../Users/arberj/Documents/Project 3/Project3/DerivedDataCache/DDC.ddp not found, will not use a pak cache.
[2015.11.10-04.01.42:872][  0]LogDerivedDataCache: Unable to find inner node Pak for hierarchical cache Hierarchy.
[2015.11.10-04.01.42:872][  0]LogDerivedDataCache: FDerivedDataBackendGraph:  CompressedPak pak cache file ../../../../../../Users/arberj/Documents/Project 3/Project3/DerivedDataCache/Compressed.ddp not found, will not use a pak cache.
[2015.11.10-04.01.42:872][  0]LogDerivedDataCache: Unable to find inner node CompressedPak for hierarchical cache Hierarchy.
[2015.11.10-04.01.43:142][  0]LogDerivedDataCache:Display: Pak cache opened for reading ../../../Engine/DerivedDataCache/Compressed.ddp.
[2015.11.10-04.01.43:153][  0]LogDerivedDataCache: Using Local data cache path C:/Users/arberj/AppData/Local/UnrealEngine/Common/DerivedDataCache: Writable
[2015.11.10-04.01.43:771][  0]LogInit: Selected Device Profile: [Windows]
[2015.11.10-04.01.43:772][  0]LogContentStreaming: Texture pool size is 0.000000MB
[2015.11.10-04.01.43:836][  0]LogMeshUtilities: No automatic mesh reduction module available
[2015.11.10-04.01.43:836][  0]LogMeshUtilities: No automatic mesh merging module available
[2015.11.10-04.01.45:062][  0]LogInit: WinSock: version 1.1 (2.2), MaxSocks=32767, MaxUdp=65467
[2015.11.10-04.01.46:845][  0]UdpMessaging: Initializing bridge on interface 0.0.0.0:0 to multicast group 230.0.0.1:6666.
[2015.11.10-04.01.46:976][  0]LogAssetRegistry: FAssetRegistry took 0.0098 seconds to start up
[2015.11.10-04.01.47:354][  0]SourceControl: Info Source control is disabled
[2015.11.10-04.01.47:374][  0]SourceControl: Info Source control is disabled
[2015.11.10-04.01.47:403][  0]SourceControl: Info Source control is disabled
[2015.11.10-04.01.47:427][  0]SourceControl: Info Source control is disabled
[2015.11.10-04.01.47:711][  0]LogLinker:Warning: Asset '../../../Engine/Plugins/Runtime/LeapMotionController/Content/LM_PassthroughMaterial.uasset' has been saved with empty engine version. The asset will be loaded but may be incompatible.
[2015.11.10-04.01.47:871][  0]LogObj: 28361 objects as part of root set at end of initial load.
[2015.11.10-04.01.47:871][  0]LogUObjectAllocator: 6038864 out of 0 bytes used by permanent object pool.
[2015.11.10-04.01.47:981][  0]LogEngine: Initializing Engine...
[2015.11.10-04.01.47:985][  0]LogHMD: Can't find Oculus library dev build: is proper Runtime installed? Version: 0.7.0.0
[2015.11.10-04.01.47:986][  0]LogHMD: SteamVR failed to initialize.  Err: 110
[2015.11.10-04.01.48:252][  0]LogAIModule: Creating AISystem for world NewWorld
[2015.11.10-04.01.48:261][  0]LogInit: XAudio2 using 'Speaker/HP (Realtek High Definition Audio)' : 2 channels at 48 kHz using 32 bits per sample (channel mask 0x3)
[2015.11.10-04.01.48:283][  0]LogInit: FAudioDevice initialized.
[2015.11.10-04.01.48:319][  0]LogDerivedDataCache: Saved boot cache 0.04s 41MB C:/Users/arberj/AppData/Local/UnrealEngine/4.9/DerivedDataCache/Boot.ddc.
[2015.11.10-04.01.48:327][  0]LogInit: Texture streaming: Enabled
[2015.11.10-04.01.48:338][  0]LogAnalytics: Creating configured Analytics provider AnalyticsET
[2015.11.10-04.01.48:338][  0]LogAnalytics: [UEEditor.Rocket.Release] APIServer = http://et2.epicgames.com/ET2/. AppVersion = 4.9.2-2707645+++depot+UE4-Releases+4.9
[2015.11.10-04.01.48:338][  0]LogAnalytics: [UEEditor.Rocket.Release] SetUserId 15bf5e1443dad17f262fdca36d7425fc|df19e4b5cb6e4aa587bfa517cbe8205c|c3bf5bbd-5bb1-433f-b3a7-e6e7acfa0a68
[2015.11.10-04.01.48:338][  0]LogAnalytics: [UEEditor.Rocket.Release] AnalyticsET::StartSession
[2015.11.10-04.01.48:384][  0]LogInit: Transaction tracking system initialized
[2015.11.10-04.01.48:475][  0]BlueprintLog: New page: Editor Load
[2015.11.10-04.01.48:673][  0]LocalizationService: Info Localization service is disabled
[2015.11.10-04.01.49:185][  0]LogConsoleResponse:Display: 
[2015.11.10-04.01.49:624][  0]LogFileCache: Scanning file cache for directory 'C:/Users/arberj/Documents/Project 3/Project3/Content/' took 0.05s
[2015.11.10-04.01.49:624][  0]LogCook:Display: Done creating registry. It took  0.00s.
[2015.11.10-04.01.49:749][  0]SourceControl: Info Source control is disabled
[2015.11.10-04.02.07:605][  0]Cmd: MAP LOAD FILE="../../../../../../Users/arberj/Documents/Project 3/Project3/Content/PuzzleBP/Maps/PuzzleExampleMap.umap" TEMPLATE=0 SHOWPROGRESS=1 FEATURELEVEL=3
[2015.11.10-04.02.07:606][  0]LightingResults: New page: Lighting Build
[2015.11.10-04.02.07:613][  0]MapCheck: New page: Map Check
[2015.11.10-04.02.07:613][  0]LightingResults: New page: Lighting Build
[2015.11.10-04.02.07:639][  0]LogParticles: Destroying 0 GPU particle simulations for FXSystem 0x0000000021AAA160
[2015.11.10-04.02.08:552][  0]LogBlueprint:Warning: [compiler PuzzleBlockGrid] Warning  Set Text (String)  is deprecated; Use the SetText function taking an FText instead.
[2015.11.10-04.02.08:557][  0]LogBlueprint:Warning: [compiler PuzzleBlockGrid] Warning [0033.23] Compile of PuzzleBlockGrid successful, but with 1 Warning(s) [in 20 ms]
[2015.11.10-04.02.08:562][  0]LogBlueprint:Warning: [compiler PuzzleBlockGrid] Warning [0033.23] Compile of PuzzleBlockGrid successful, but with 2 Warning(s) [in 4 ms]
[2015.11.10-04.02.08:562][  0]LogBlueprint:Warning: [compiler PuzzleBlockGrid] Warning [0033.23] Compile of PuzzleBlockGrid successful, but with 3 Warning(s) [in 0 ms]
[2015.11.10-04.02.08:581][  0]LogBlueprint:Warning: [compiler PuzzleBlockGrid] Warning  Set Text (String)  is deprecated; Use the SetText function taking an FText instead.
[2015.11.10-04.02.08:585][  0]LogBlueprint:Warning: [compiler PuzzleBlockGrid] Warning [0033.25] Compile of PuzzleBlockGrid successful, but with 1 Warning(s) [in 13 ms]
[2015.11.10-04.02.08:586][  0]LogBlueprint:Warning: [compiler PuzzleBlockGrid] Warning [0033.25] Compile of PuzzleBlockGrid successful, but with 2 Warning(s) [in 0 ms]
[2015.11.10-04.02.08:586][  0]LogBlueprint:Warning: [compiler PuzzleBlockGrid] Warning [0033.25] Compile of PuzzleBlockGrid successful, but with 3 Warning(s) [in 0 ms]
[2015.11.10-04.02.10:215][  0]LogAIModule: Creating AISystem for world PuzzleExampleMap
[2015.11.10-04.02.10:318][  0]PIE:Warning: Warning Invalid Simulate Options: Body (Cylinder_Blueprint_C_0.StaticMeshComponent0 Cylinder) is set to simulate physics but Collision Enabled is incompatible
[2015.11.10-04.02.10:318][  0]PIE:Warning: Warning Invalid Simulate Options: Body (Cylinder_Blueprint_C_0.StaticMeshComponent0 Cylinder) is set to simulate physics but Collision Enabled is incompatible
[2015.11.10-04.02.10:319][  0]PIE:Warning: Warning Invalid Simulate Options: Body (Cylinder_Blueprint2_71.StaticMeshComponent0 Cylinder) is set to simulate physics but Collision Enabled is incompatible
[2015.11.10-04.02.10:319][  0]PIE:Warning: Warning Invalid Simulate Options: Body (Cylinder_Blueprint2_71.StaticMeshComponent0 Cylinder) is set to simulate physics but Collision Enabled is incompatible
[2015.11.10-04.02.10:319][  0]PIE:Warning: Warning Invalid Simulate Options: Body (Spring_Edge_Blueprint_C_0.StaticMeshComponent0 Cube) is set to simulate physics but Collision Enabled is incompatible
[2015.11.10-04.02.10:319][  0]PIE:Warning: Warning Invalid Simulate Options: Body (Spring_Edge_Blueprint_C_0.StaticMeshComponent0 Cube) is set to simulate physics but Collision Enabled is incompatible
[2015.11.10-04.02.10:328][  0]LogPrimitiveComponent: Zero scaling not supported (/Game/PuzzleBP/Maps/PuzzleExampleMap.PuzzleExampleMap:PersistentLevel.Spring_Edge_Blueprint_C_0.StaticMeshComponent0)
[2015.11.10-04.02.10:331][  0]LogEditorServer: Finished looking for orphan Actors (0.000 secs)
[2015.11.10-04.02.10:332][  0]Cmd: MAP CHECKDEP NOCLEARLOG
[2015.11.10-04.02.10:394][  0]MapCheck: Info Map check complete: 0 Error(s), 0 Warning(s), took 61.063ms to complete.
[2015.11.10-04.02.10:394][  0]LogFileHelpers: Loading map 'PuzzleExampleMap' took 2.789
[2015.11.10-04.02.11:064][  0]LogCollectionManager: Loaded 0 collections in 0.018635 seconds
[2015.11.10-04.02.11:174][  0]LogFileCache: Scanning file cache for directory 'C:/Users/arberj/Documents/Project 3/Project3/Saved/Collections/' took 0.01s
[2015.11.10-04.02.11:174][  0]LogFileCache: Scanning file cache for directory 'C:/Users/arberj/Documents/Project 3/Project3/Content/Developers/arberj/Collections/' took 0.01s
[2015.11.10-04.02.11:174][  0]LogFileCache: Scanning file cache for directory 'C:/Users/arberj/Documents/Project 3/Project3/Content/Collections/' took 0.01s
[2015.11.10-04.02.11:174][  0]LogContentBrowser: Native class hierarchy populated in 0.0272 seconds. Added 1867 classes and 333 folders.
[2015.11.10-04.02.11:240][  0]LogCollectionManager: Rebuilt the GUID cache for 0 collections in 0.000006 seconds
[2015.11.10-04.02.11:336][  0]LogContentBrowser: Native class hierarchy updated for 'WidgetCarousel' in 0.0008 seconds. Added 0 classes and 0 folders.
[2015.11.10-04.02.13:817][  0]LogContentBrowser: Native class hierarchy updated for 'AddContentDialog' in 0.0008 seconds. Added 0 classes and 0 folders.
[2015.11.10-04.02.13:949][  0]LogContentBrowser: Native class hierarchy updated for 'SceneOutliner' in 0.0009 seconds. Added 1 classes and 2 folders.
[2015.11.10-04.02.15:644][  0]LogCrashTracker: Crashtracker disabled due to settings.
[2015.11.10-04.02.15:740][  0]LogUObjectGlobals:Warning: Failed to find object 'Class None.'
[2015.11.10-04.02.15:778][  0]LogStats:Warning: MetaData mismatch. Did you assign a stat to two groups? New //STATGROUP_Threads//SplashScreenThread///Thread_694_0///####STATCAT_Advanced#### old //STATGROUP_Threads//SplashScreenThread///Thread_830_0///####STATCAT_Advanced####
[2015.11.10-04.02.15:778][  0]LogLoad: Full Startup: 40.45 seconds (BP compile: 0.34 seconds)
[2015.11.10-04.02.16:277][  0]LogContentStreaming: Texture pool size now 400 MB
[2015.11.10-04.02.17:372][  1]LogRenderer: Reallocating scene render targets to support 828x388 (Frame:2).
[2015.11.10-04.02.20:115][ 10]LogAssetRegistry: Asset discovery search completed in 33.1475 seconds
[2015.11.10-04.02.20:115][ 10]LogCollectionManager: Rebuilt the object cache for 0 collections in 0.000002 seconds (found 0 objects)
[2015.11.10-04.02.20:115][ 10]LogCollectionManager: Fixed up redirectors for 0 collections in 0.000072 seconds (updated 0 objects)
[2015.11.10-04.02.32:749][553]LogLinker:Warning: Asset '../../../Engine/Content/ArtTools/RenderToTexture/Macros/RenderToTextureMacros.uasset' has been saved with empty engine version. The asset will be loaded but may be incompatible.
[2015.11.10-04.02.34:766][553]LogContentBrowser: Native class hierarchy updated for 'BlueprintGraph' in 0.0014 seconds. Added 107 classes and 0 folders.
[2015.11.10-04.02.52:192][863]EditorErrors: New page: Actor attachment
[2015.11.10-04.03.06:907][124]LogSavePackage: Save=932.697449ms
[2015.11.10-04.03.06:908][124]LogSavePackage: Moving '../../../../../../Users/arberj/Documents/Project 3/Project3/Saved/PuzzleExampleMap2DF8A17D4BA6BB6EBB4A5EA7C70F97DF.tmp' to '../../../../../../Users/arberj/Documents/Project 3/Project3/Content/PuzzleBP/Maps/PuzzleExampleMap.umap'
[2015.11.10-04.03.06:917][124]LogSavePackage: Total save time: 983.152512ms
[2015.11.10-04.03.06:917][124]LogSavePackage:Warning: Finished SavePackage ../../../../../../Users/arberj/Documents/Project 3/Project3/Content/PuzzleBP/Maps/PuzzleExampleMap.umap
[2015.11.10-04.04.54:398][152]LogUObjectHash:Warning: Ambiguous search, could be K2Node_IfThenElse /Game/PuzzleBP/Maps/PuzzleExampleMap.PuzzleExampleMap:PersistentLevel.PuzzleExampleMap.EventGraph.K2Node_IfThenElse_217 or K2Node_IfThenElse /Game/Up_Tractor_Beam_Blueprint.Up_Tractor_Beam_Blueprint:EventGraph.K2Node_IfThenElse_217
[2015.11.10-04.04.54:398][152]LogProperty:Warning: Illegal TEXT reference to a private object in external package (EdGraphPin /Game/PuzzleBP/Maps/PuzzleExampleMap.PuzzleExampleMap:PersistentLevel.PuzzleExampleMap.EventGraph.K2Node_IfThenElse_217.EdGraphPin_7376) from referencer (EdGraphPin /Game/Up_Tractor_Beam_Blueprint.Up_Tractor_Beam_Blueprint:EventGraph.K2Node_VariableSet_858.EdGraphPin_7286).  Import failed...
[2015.11.10-04.04.54:398][152]LogProperty:Warning: ObjectProperty /Script/Engine.EdGraphPin:LinkedTo.LinkedTo: unresolved reference to 'EdGraphPin'K2Node_IfThenElse_217.EdGraphPin_7376''
[2015.11.10-04.04.54:398][152]LogUObjectHash:Warning: Ambiguous search, could be K2Node_VariableSet /Game/Up_Tractor_Beam_Blueprint.Up_Tractor_Beam_Blueprint:EventGraph.K2Node_VariableSet_982 or K2Node_VariableSet /Game/PuzzleBP/Maps/PuzzleExampleMap.PuzzleExampleMap:PersistentLevel.PuzzleExampleMap.EventGraph.K2Node_VariableSet_982
[2015.11.10-04.04.54:398][152]LogProperty:Warning: Illegal TEXT reference to a private object in external package (EdGraphPin /Game/PuzzleBP/Maps/PuzzleExampleMap.PuzzleExampleMap:PersistentLevel.PuzzleExampleMap.EventGraph.K2Node_VariableSet_982.EdGraphPin_7592) from referencer (EdGraphPin /Game/Up_Tractor_Beam_Blueprint.Up_Tractor_Beam_Blueprint:EventGraph.K2Node_VariableSet_858.EdGraphPin_7287).  Import failed...
[2015.11.10-04.04.54:398][152]LogProperty:Warning: ObjectProperty /Script/Engine.EdGraphPin:LinkedTo.LinkedTo: unresolved reference to 'EdGraphPin'K2Node_VariableSet_982.EdGraphPin_7592''
[2015.11.10-04.04.54:399][152]LogUObjectHash:Warning: Ambiguous search, could be K2Node_VariableSet /Game/Up_Tractor_Beam_Blueprint.Up_Tractor_Beam_Blueprint:EventGraph.K2Node_VariableSet_982 or K2Node_VariableSet /Game/PuzzleBP/Maps/PuzzleExampleMap.PuzzleExampleMap:PersistentLevel.PuzzleExampleMap.EventGraph.K2Node_VariableSet_982
[2015.11.10-04.04.54:399][152]LogProperty:Warning: Illegal TEXT reference to a private object in external package (EdGraphPin /Game/PuzzleBP/Maps/PuzzleExampleMap.PuzzleExampleMap:PersistentLevel.PuzzleExampleMap.EventGraph.K2Node_VariableSet_982.EdGraphPin_7593) from referencer (EdGraphPin /Game/Up_Tractor_Beam_Blueprint.Up_Tractor_Beam_Blueprint:EventGraph.K2Node_CallFunction_5567.EdGraphPin_8620).  Import failed...
[2015.11.10-04.04.54:399][152]LogProperty:Warning: ObjectProperty /Script/Engine.EdGraphPin:LinkedTo.LinkedTo: unresolved reference to 'EdGraphPin'K2Node_VariableSet_982.EdGraphPin_7593''
[2015.11.10-04.04.54:399][152]LogUObjectHash:Warning: Ambiguous search, could be K2Node_CallFunction /Game/PuzzleBP/Maps/PuzzleExampleMap.PuzzleExampleMap:PersistentLevel.PuzzleExampleMap.EventGraph.K2Node_CallFunction_17738 or K2Node_CallFunction /Game/Up_Tractor_Beam_Blueprint.Up_Tractor_Beam_Blueprint:EventGraph.K2Node_CallFunction_17738
[2015.11.10-04.04.54:399][152]LogProperty:Warning: Illegal TEXT reference to a private object in external package (EdGraphPin /Game/PuzzleBP/Maps/PuzzleExampleMap.PuzzleExampleMap:PersistentLevel.PuzzleExampleMap.EventGraph.K2Node_CallFunction_17738.EdGraphPin_8749) from referencer (EdGraphPin /Game/Up_Tractor_Beam_Blueprint.Up_Tractor_Beam_Blueprint:EventGraph.K2Node_CallFunction_5567.EdGraphPin_8621).  Import failed...
[2015.11.10-04.04.54:399][152]LogProperty:Warning: ObjectProperty /Script/Engine.EdGraphPin:LinkedTo.LinkedTo: unresolved reference to 'EdGraphPin'K2Node_CallFunction_17738.EdGraphPin_8749''
[2015.11.10-04.04.54:399][152]LogUObjectHash:Warning: Ambiguous search, could be K2Node_Literal /Game/Up_Tractor_Beam_Blueprint.Up_Tractor_Beam_Blueprint:EventGraph.K2Node_Literal_2231 or K2Node_Literal /Game/PuzzleBP/Maps/PuzzleExampleMap.PuzzleExampleMap:PersistentLevel.PuzzleExampleMap.EventGraph.K2Node_Literal_2231
[2015.11.10-04.04.54:399][152]LogProperty:Warning: Illegal TEXT reference to a private object in external package (EdGraphPin /Game/PuzzleBP/Maps/PuzzleExampleMap.PuzzleExampleMap:PersistentLevel.PuzzleExampleMap.EventGraph.K2Node_Literal_2231.EdGraphPin_6543) from referencer (EdGraphPin /Game/Up_Tractor_Beam_Blueprint.Up_Tractor_Beam_Blueprint:EventGraph.K2Node_CallFunction_5567.EdGraphPin_8622).  Import failed...
[2015.11.10-04.04.54:399][152]LogProperty:Warning: ObjectProperty /Script/Engine.EdGraphPin:LinkedTo.LinkedTo: unresolved reference to 'EdGraphPin'K2Node_Literal_2231.EdGraphPin_6543''
[2015.11.10-04.04.54:400][152]LogUObjectHash:Warning: Ambiguous search, could be K2Node_VariableSet /Game/Up_Tractor_Beam_Blueprint.Up_Tractor_Beam_Blueprint:EventGraph.K2Node_VariableSet_988 or K2Node_VariableSet /Game/PuzzleBP/Maps/PuzzleExampleMap.PuzzleExampleMap:PersistentLevel.PuzzleExampleMap.EventGraph.K2Node_VariableSet_988
[2015.11.10-04.04.54:400][152]LogProperty:Warning: Illegal TEXT reference to a private object in external package (EdGraphPin /Game/PuzzleBP/Maps/PuzzleExampleMap.PuzzleExampleMap:PersistentLevel.PuzzleExampleMap.EventGraph.K2Node_VariableSet_988.EdGraphPin_7506) from referencer (EdGraphPin /Game/Up_Tractor_Beam_Blueprint.Up_Tractor_Beam_Blueprint:EventGraph.K2Node_CallFunction_5557.EdGraphPin_8632).  Import failed...
[2015.11.10-04.04.54:400][152]LogProperty:Warning: ObjectProperty /Script/Engine.EdGraphPin:LinkedTo.LinkedTo: unresolved reference to 'EdGraphPin'K2Node_VariableSet_988.EdGraphPin_7506''
[2015.11.10-04.04.54:400][152]LogUObjectHash:Warning: Ambiguous search, could be K2Node_CallFunction /Game/PuzzleBP/Maps/PuzzleExampleMap.PuzzleExampleMap:PersistentLevel.PuzzleExampleMap.EventGraph.K2Node_CallFunction_6707 or K2Node_CallFunction /Game/Up_Tractor_Beam_Blueprint.Up_Tractor_Beam_Blueprint:EventGraph.K2Node_CallFunction_6707
[2015.11.10-04.04.54:400][152]LogProperty:Warning: Illegal TEXT reference to a private object in external package (EdGraphPin /Game/PuzzleBP/Maps/PuzzleExampleMap.PuzzleExampleMap:PersistentLevel.PuzzleExampleMap.EventGraph.K2Node_CallFunction_6707.EdGraphPin_8668) from referencer (EdGraphPin /Game/Up_Tractor_Beam_Blueprint.Up_Tractor_Beam_Blueprint:EventGraph.K2Node_CallFunction_5557.EdGraphPin_8633).  Import failed...
[2015.11.10-04.04.54:400][152]LogProperty:Warning: ObjectProperty /Script/Engine.EdGraphPin:LinkedTo.LinkedTo: unresolved reference to 'EdGraphPin'K2Node_CallFunction_6707.EdGraphPin_8668''
[2015.11.10-04.04.54:400][152]LogUObjectHash:Warning: Ambiguous search, could be K2Node_Literal /Game/Up_Tractor_Beam_Blueprint.Up_Tractor_Beam_Blueprint:EventGraph.K2Node_Literal_2231 or K2Node_Literal /Game/PuzzleBP/Maps/PuzzleExampleMap.PuzzleExampleMap:PersistentLevel.PuzzleExampleMap.EventGraph.K2Node_Literal_2231
[2015.11.10-04.04.54:400][152]LogProperty:Warning: Illegal TEXT reference to a private object in external package (EdGraphPin /Game/PuzzleBP/Maps/PuzzleExampleMap.PuzzleExampleMap:PersistentLevel.PuzzleExampleMap.EventGraph.K2Node_Literal_2231.EdGraphPin_6543) from referencer (EdGraphPin /Game/Up_Tractor_Beam_Blueprint.Up_Tractor_Beam_Blueprint:EventGraph.K2Node_CallFunction_5557.EdGraphPin_8634).  Import failed...
[2015.11.10-04.04.54:400][152]LogProperty:Warning: ObjectProperty /Script/Engine.EdGraphPin:LinkedTo.LinkedTo: unresolved reference to 'EdGraphPin'K2Node_Literal_2231.EdGraphPin_6543''
[2015.11.10-04.04.54:401][152]LogProperty:Warning: Illegal TEXT reference to a private object in external package (Up_Tractor_Beam_Blueprint_C /Game/PuzzleBP/Maps/PuzzleExampleMap.PuzzleExampleMap:PersistentLevel.Up_Tractor_Beam_Blueprint) from referencer (K2Node_Literal /Game/Up_Tractor_Beam_Blueprint.Up_Tractor_Beam_Blueprint:EventGraph.K2Node_Literal_2231).  Import failed...
[2015.11.10-04.04.54:401][152]LogProperty:Warning: ObjectProperty /Script/BlueprintGraph.K2Node_Literal:ObjectRef: unresolved reference to 'Up_Tractor_Beam_Blueprint_C'/Game/PuzzleBP/Maps/PuzzleExampleMap.PuzzleExampleMap:PersistentLevel.Up_Tractor_Beam_Blueprint''
[2015.11.10-04.04.54:401][152]LogUObjectHash:Warning: Ambiguous search, could be K2Node_VariableGet /Game/PuzzleBP/Maps/PuzzleExampleMap.PuzzleExampleMap:PersistentLevel.PuzzleExampleMap.EventGraph.K2Node_VariableGet_1279 or K2Node_VariableGet /Game/Up_Tractor_Beam_Blueprint.Up_Tractor_Beam_Blueprint:EventGraph.K2Node_VariableGet_1279
[2015.11.10-04.04.54:401][152]LogProperty:Warning: Illegal TEXT reference to a private object in external package (EdGraphPin /Game/PuzzleBP/Maps/PuzzleExampleMap.PuzzleExampleMap:PersistentLevel.PuzzleExampleMap.EventGraph.K2Node_VariableGet_1279.EdGraphPin_8663) from referencer (EdGraphPin /Game/Up_Tractor_Beam_Blueprint.Up_Tractor_Beam_Blueprint:EventGraph.K2Node_Literal_679.EdGraphPin_6534).  Import failed...
[2015.11.10-04.04.54:401][152]LogProperty:Warning: ObjectProperty /Script/Engine.EdGraphPin:LinkedTo.LinkedTo: unresolved reference to 'EdGraphPin'K2Node_VariableGet_1279.EdGraphPin_8663''
[2015.11.10-04.04.54:401][152]LogProperty:Warning: Illegal TEXT reference to a private object in external package (Cylinder_Blueprint_C /Game/PuzzleBP/Maps/PuzzleExampleMap.PuzzleExampleMap:PersistentLevel.Cylinder_Blueprint_C_0) from referencer (K2Node_Literal /Game/Up_Tractor_Beam_Blueprint.Up_Tractor_Beam_Blueprint:EventGraph.K2Node_Literal_679).  Import failed...
[2015.11.10-04.04.54:401][152]LogProperty:Warning: ObjectProperty /Script/BlueprintGraph.K2Node_Literal:ObjectRef: unresolved reference to 'Cylinder_Blueprint_C'/Game/PuzzleBP/Maps/PuzzleExampleMap.PuzzleExampleMap:PersistentLevel.Cylinder_Blueprint_C_0''
[2015.11.10-04.04.54:402][152]LogUObjectHash:Warning: Ambiguous search, could be K2Node_IfThenElse /Game/PuzzleBP/Maps/PuzzleExampleMap.PuzzleExampleMap:PersistentLevel.PuzzleExampleMap.EventGraph.K2Node_IfThenElse_248 or K2Node_IfThenElse /Game/Up_Tractor_Beam_Blueprint.Up_Tractor_Beam_Blueprint:EventGraph.K2Node_IfThenElse_248
[2015.11.10-04.04.54:402][152]LogProperty:Warning: Illegal TEXT reference to a private object in external package (EdGraphPin /Game/PuzzleBP/Maps/PuzzleExampleMap.PuzzleExampleMap:PersistentLevel.PuzzleExampleMap.EventGraph.K2Node_IfThenElse_248.EdGraphPin_7522) from referencer (EdGraphPin /Game/Up_Tractor_Beam_Blueprint.Up_Tractor_Beam_Blueprint:EventGraph.K2Node_CallFunction_7611.EdGraphPin_8644).  Import failed...
[2015.11.10-04.04.54:402][152]LogProperty:Warning: ObjectProperty /Script/Engine.EdGraphPin:LinkedTo.LinkedTo: unresolved reference to 'EdGraphPin'K2Node_IfThenElse_248.EdGraphPin_7522''
[2015.11.10-04.04.54:402][152]LogUObjectHash:Warning: Ambiguous search, could be K2Node_VariableGet /Game/PuzzleBP/Maps/PuzzleExampleMap.PuzzleExampleMap:PersistentLevel.PuzzleExampleMap.EventGraph.K2Node_VariableGet_1279 or K2Node_VariableGet /Game/Up_Tractor_Beam_Blueprint.Up_Tractor_Beam_Blueprint:EventGraph.K2Node_VariableGet_1279
[2015.11.10-04.04.54:402][152]LogProperty:Warning: Illegal TEXT reference to a private object in external package (EdGraphPin /Game/PuzzleBP/Maps/PuzzleExampleMap.PuzzleExampleMap:PersistentLevel.PuzzleExampleMap.EventGraph.K2Node_VariableGet_1279.EdGraphPin_8662) from referencer (EdGraphPin /Game/Up_Tractor_Beam_Blueprint.Up_Tractor_Beam_Blueprint:EventGraph.K2Node_CallFunction_7611.EdGraphPin_8646).  Import failed...
[2015.11.10-04.04.54:402][152]LogProperty:Warning: ObjectProperty /Script/Engine.EdGraphPin:LinkedTo.LinkedTo: unresolved reference to 'EdGraphPin'K2Node_VariableGet_1279.EdGraphPin_8662''
[2015.11.10-04.04.54:402][152]LogUObjectHash:Warning: Ambiguous search, could be K2Node_CallFunction /Game/PuzzleBP/Maps/PuzzleExampleMap.PuzzleExampleMap:PersistentLevel.PuzzleExampleMap.EventGraph.K2Node_CallFunction_6707 or K2Node_CallFunction /Game/Up_Tractor_Beam_Blueprint.Up_Tractor_Beam_Blueprint:EventGraph.K2Node_CallFunction_6707
[2015.11.10-04.04.54:403][152]LogProperty:Warning: Illegal TEXT reference to a private object in external package (EdGraphPin /Game/PuzzleBP/Maps/PuzzleExampleMap.PuzzleExampleMap:PersistentLevel.PuzzleExampleMap.EventGraph.K2Node_CallFunction_6707.EdGraphPin_8670) from referencer (EdGraphPin /Game/Up_Tractor_Beam_Blueprint.Up_Tractor_Beam_Blueprint:EventGraph.K2Node_VariableGet_1279.EdGraphPin_8662).  Import failed...
[2015.11.10-04.04.54:403][152]LogProperty:Warning: ObjectProperty /Script/Engine.EdGraphPin:LinkedTo.LinkedTo: unresolved reference to 'EdGraphPin'K2Node_CallFunction_6707.EdGraphPin_8670''
[2015.11.10-04.04.54:403][152]LogUObjectHash:Warning: Ambiguous search, could be K2Node_CallFunction /Game/PuzzleBP/Maps/PuzzleExampleMap.PuzzleExampleMap:PersistentLevel.PuzzleExampleMap.EventGraph.K2Node_CallFunction_7004 or K2Node_CallFunction /Game/Up_Tractor_Beam_Blueprint.Up_Tractor_Beam_Blueprint:EventGraph.K2Node_CallFunction_7004
[2015.11.10-04.04.54:403][152]LogProperty:Warning: Illegal TEXT reference to a private object in external package (EdGraphPin /Game/PuzzleBP/Maps/PuzzleExampleMap.PuzzleExampleMap:PersistentLevel.PuzzleExampleMap.EventGraph.K2Node_CallFunction_7004.EdGraphPin_8688) from referencer (EdGraphPin /Game/Up_Tractor_Beam_Blueprint.Up_Tractor_Beam_Blueprint:EventGraph.K2Node_VariableGet_1279.EdGraphPin_8662).  Import failed...
[2015.11.10-04.04.54:403][152]LogProperty:Warning: ObjectProperty /Script/Engine.EdGraphPin:LinkedTo.LinkedTo: unresolved reference to 'EdGraphPin'K2Node_CallFunction_7004.EdGraphPin_8688''
[2015.11.10-04.04.54:403][152]LogUObjectHash:Warning: Ambiguous search, could be K2Node_InputKey /Game/PuzzleBP/Maps/PuzzleExampleMap.PuzzleExampleMap:PersistentLevel.PuzzleExampleMap.EventGraph.K2Node_InputKey_1867 or K2Node_InputKey /Game/Up_Tractor_Beam_Blueprint.Up_Tractor_Beam_Blueprint:EventGraph.K2Node_InputKey_1867
[2015.11.10-04.04.54:403][152]LogProperty:Warning: Illegal TEXT reference to a private object in external package (EdGraphPin /Game/PuzzleBP/Maps/PuzzleExampleMap.PuzzleExampleMap:PersistentLevel.PuzzleExampleMap.EventGraph.K2Node_InputKey_1867.EdGraphPin_7823) from referencer (EdGraphPin /Game/Up_Tractor_Beam_Blueprint.Up_Tractor_Beam_Blueprint:EventGraph.K2Node_IfThenElse_217.EdGraphPin_7373).  Import failed...
[2015.11.10-04.04.54:403][152]LogProperty:Warning: ObjectProperty /Script/Engine.EdGraphPin:LinkedTo.LinkedTo: unresolved reference to 'EdGraphPin'K2Node_InputKey_1867.EdGraphPin_7823''
[2015.11.10-04.04.54:403][152]LogUObjectHash:Warning: Ambiguous search, could be K2Node_VariableGet /Game/PuzzleBP/Maps/PuzzleExampleMap.PuzzleExampleMap:PersistentLevel.PuzzleExampleMap.EventGraph.K2Node_VariableGet_1322 or K2Node_VariableGet /Game/Up_Tractor_Beam_Blueprint.Up_Tractor_Beam_Blueprint:EventGraph.K2Node_VariableGet_1322
[2015.11.10-04.04.54:403][152]LogProperty:Warning: Illegal TEXT reference to a private object in external package (EdGraphPin /Game/PuzzleBP/Maps/PuzzleExampleMap.PuzzleExampleMap:PersistentLevel.PuzzleExampleMap.EventGraph.K2Node_VariableGet_1322.EdGraphPin_7385) from referencer (EdGraphPin /Game/Up_Tractor_Beam_Blueprint.Up_Tractor_Beam_Blueprint:EventGraph.K2Node_IfThenElse_217.EdGraphPin_7374).  Import failed...
[2015.11.10-04.04.54:404][152]LogProperty:Warning: ObjectProperty /Script/Engine.EdGraphPin:LinkedTo.LinkedTo: unresolved reference to 'EdGraphPin'K2Node_VariableGet_1322.EdGraphPin_7385''
[2015.11.10-04.04.54:404][152]LogUObjectHash:Warning: Ambiguous search, could be K2Node_IfThenElse /Game/PuzzleBP/Maps/PuzzleExampleMap.PuzzleExampleMap:PersistentLevel.PuzzleExampleMap.EventGraph.K2Node_IfThenElse_230 or K2Node_IfThenElse /Game/Up_Tractor_Beam_Blueprint.Up_Tractor_Beam_Blueprint:EventGraph.K2Node_IfThenElse_230
[2015.11.10-04.04.54:404][152]LogProperty:Warning: Illegal TEXT reference to a private object in external package (EdGraphPin /Game/PuzzleBP/Maps/PuzzleExampleMap.PuzzleExampleMap:PersistentLevel.PuzzleExampleMap.EventGraph.K2Node_IfThenElse_230.EdGraphPin_7409) from referencer (EdGraphPin /Game/Up_Tractor_Beam_Blueprint.Up_Tractor_Beam_Blueprint:EventGraph.K2Node_IfThenElse_217.EdGraphPin_7375).  Import failed...
[2015.11.10-04.04.54:404][152]LogProperty:Warning: ObjectProperty /Script/Engine.EdGraphPin:LinkedTo.LinkedTo: unresolved reference to 'EdGraphPin'K2Node_IfThenElse_230.EdGraphPin_7409''
[2015.11.10-04.04.54:405][152]LogUObjectHash:Warning: Ambiguous search, could be K2Node_CallFunction /Game/PuzzleBP/Maps/PuzzleExampleMap.PuzzleExampleMap:PersistentLevel.PuzzleExampleMap.EventGraph.K2Node_CallFunction_17698 or K2Node_CallFunction /Game/Up_Tractor_Beam_Blueprint.Up_Tractor_Beam_Blueprint:EventGraph.K2Node_CallFunction_17698
[2015.11.10-04.04.54:405][152]LogProperty:Warning: Illegal TEXT reference to a private object in external package (EdGraphPin /Game/PuzzleBP/Maps/PuzzleExampleMap.PuzzleExampleMap:PersistentLevel.PuzzleExampleMap.EventGraph.K2Node_CallFunction_17698.EdGraphPin_8767) from referencer (EdGraphPin /Game/Up_Tractor_Beam_Blueprint.Up_Tractor_Beam_Blueprint:EventGraph.K2Node_CallFunction_6707.EdGraphPin_8669).  Import failed...
[2015.11.10-04.04.54:405][152]LogProperty:Warning: ObjectProperty /Script/Engine.EdGraphPin:LinkedTo.LinkedTo: unresolved reference to 'EdGraphPin'K2Node_CallFunction_17698.EdGraphPin_8767''
[2015.11.10-04.04.54:406][152]LogUObjectHash:Warning: Ambiguous search, could be K2Node_VariableGet /Game/PuzzleBP/Maps/PuzzleExampleMap.PuzzleExampleMap:PersistentLevel.PuzzleExampleMap.EventGraph.K2Node_VariableGet_1486 or K2Node_VariableGet /Game/Up_Tractor_Beam_Blueprint.Up_Tractor_Beam_Blueprint:EventGraph.K2Node_VariableGet_1486
[2015.11.10-04.04.54:406][152]LogProperty:Warning: Illegal TEXT reference to a private object in external package (EdGraphPin /Game/PuzzleBP/Maps/PuzzleExampleMap.PuzzleExampleMap:PersistentLevel.PuzzleExampleMap.EventGraph.K2Node_VariableGet_1486.EdGraphPin_7421) from referencer (EdGraphPin /Game/Up_Tractor_Beam_Blueprint.Up_Tractor_Beam_Blueprint:EventGraph.K2Node_IfThenElse_230.EdGraphPin_7410).  Import failed...
[2015.11.10-04.04.54:406][152]LogProperty:Warning: ObjectProperty /Script/Engine.EdGraphPin:LinkedTo.LinkedTo: unresolved reference to 'EdGraphPin'K2Node_VariableGet_1486.EdGraphPin_7421''
[2015.11.10-04.04.54:406][152]LogUObjectHash:Warning: Ambiguous search, could be K2Node_VariableSet /Game/PuzzleBP/Maps/PuzzleExampleMap.PuzzleExampleMap:PersistentLevel.PuzzleExampleMap.EventGraph.K2Node_VariableSet_1670 or K2Node_VariableSet /Game/Up_Tractor_Beam_Blueprint.Up_Tractor_Beam_Blueprint:EventGraph.K2Node_VariableSet_1670
[2015.11.10-04.04.54:406][152]LogProperty:Warning: Illegal TEXT reference to a private object in external package (EdGraphPin /Game/PuzzleBP/Maps/PuzzleExampleMap.PuzzleExampleMap:PersistentLevel.PuzzleExampleMap.EventGraph.K2Node_VariableSet_1670.EdGraphPin_7442) from referencer (EdGraphPin /Game/Up_Tractor_Beam_Blueprint.Up_Tractor_Beam_Blueprint:EventGraph.K2Node_IfThenElse_230.EdGraphPin_7411).  Import failed...
[2015.11.10-04.04.54:406][152]LogProperty:Warning: ObjectProperty /Script/Engine.EdGraphPin:LinkedTo.LinkedTo: unresolved reference to 'EdGraphPin'K2Node_VariableSet_1670.EdGraphPin_7442''
[2015.11.10-04.04.54:407][152]LogUObjectHash:Warning: Ambiguous search, could be K2Node_IfThenElse /Game/PuzzleBP/Maps/PuzzleExampleMap.PuzzleExampleMap:PersistentLevel.PuzzleExampleMap.EventGraph.K2Node_IfThenElse_247 or K2Node_IfThenElse /Game/Up_Tractor_Beam_Blueprint.Up_Tractor_Beam_Blueprint:EventGraph.K2Node_IfThenElse_247
[2015.11.10-04.04.54:407][152]LogProperty:Warning: Illegal TEXT reference to a private object in external package (EdGraphPin /Game/PuzzleBP/Maps/PuzzleExampleMap.PuzzleExampleMap:PersistentLevel.PuzzleExampleMap.EventGraph.K2Node_IfThenElse_247.EdGraphPin_7478) from referencer (EdGraphPin /Game/Up_Tractor_Beam_Blueprint.Up_Tractor_Beam_Blueprint:EventGraph.K2Node_IfThenElse_230.EdGraphPin_7412).  Import failed...
[2015.11.10-04.04.54:407][152]LogProperty:Warning: ObjectProperty /Script/Engine.EdGraphPin:LinkedTo.LinkedTo: unresolved reference to 'EdGraphPin'K2Node_IfThenElse_247.EdGraphPin_7478''
[2015.11.10-04.04.54:408][152]LogUObjectHash:Warning: Ambiguous search, could be K2Node_IfThenElse /Game/PuzzleBP/Maps/PuzzleExampleMap.PuzzleExampleMap:PersistentLevel.PuzzleExampleMap.EventGraph.K2Node_IfThenElse_247 or K2Node_IfThenElse /Game/Up_Tractor_Beam_Blueprint.Up_Tractor_Beam_Blueprint:EventGraph.K2Node_IfThenElse_247
[2015.11.10-04.04.54:408][152]LogProperty:Warning: Illegal TEXT reference to a private object in external package (EdGraphPin /Game/PuzzleBP/Maps/PuzzleExampleMap.PuzzleExampleMap:PersistentLevel.PuzzleExampleMap.EventGraph.K2Node_IfThenElse_247.EdGraphPin_7481) from referencer (EdGraphPin /Game/Up_Tractor_Beam_Blueprint.Up_Tractor_Beam_Blueprint:EventGraph.K2Node_VariableSet_983.EdGraphPin_7427).  Import failed...
[2015.11.10-04.04.54:408][152]LogProperty:Warning: ObjectProperty /Script/Engine.EdGraphPin:LinkedTo.LinkedTo: unresolved reference to 'EdGraphPin'K2Node_IfThenElse_247.EdGraphPin_7481''
[2015.11.10-04.04.54:409][152]LogUObjectHash:Warning: Ambiguous search, could be K2Node_VariableSet /Game/Up_Tractor_Beam_Blueprint.Up_Tractor_Beam_Blueprint:EventGraph.K2Node_VariableSet_986 or K2Node_VariableSet /Game/PuzzleBP/Maps/PuzzleExampleMap.PuzzleExampleMap:PersistentLevel.PuzzleExampleMap.EventGraph.K2Node_VariableSet_986
[2015.11.10-04.04.54:410][152]LogProperty:Warning: Illegal TEXT reference to a private object in external package (EdGraphPin /Game/PuzzleBP/Maps/PuzzleExampleMap.PuzzleExampleMap:PersistentLevel.PuzzleExampleMap.EventGraph.K2Node_VariableSet_986.EdGraphPin_7457) from referencer (EdGraphPin /Game/Up_Tractor_Beam_Blueprint.Up_Tractor_Beam_Blueprint:EventGraph.K2Node_VariableSet_1670.EdGraphPin_7443).  Import failed...
[2015.11.10-04.04.54:410][152]LogProperty:Warning: ObjectProperty /Script/Engine.EdGraphPin:LinkedTo.LinkedTo: unresolved reference to 'EdGraphPin'K2Node_VariableSet_986.EdGraphPin_7457''
[2015.11.10-04.04.54:411][152]LogUObjectHash:Warning: Ambiguous search, could be K2Node_CallFunction /Game/PuzzleBP/Maps/PuzzleExampleMap.PuzzleExampleMap:PersistentLevel.PuzzleExampleMap.EventGraph.K2Node_CallFunction_17501 or K2Node_CallFunction /Game/Up_Tractor_Beam_Blueprint.Up_Tractor_Beam_Blueprint:EventGraph.K2Node_CallFunction_17501
[2015.11.10-04.04.54:411][152]LogProperty:Warning: Illegal TEXT reference to a private object in external package (EdGraphPin /Game/PuzzleBP/Maps/PuzzleExampleMap.PuzzleExampleMap:PersistentLevel.PuzzleExampleMap.EventGraph.K2Node_CallFunction_17501.EdGraphPin_8785) from referencer (EdGraphPin /Game/Up_Tractor_Beam_Blueprint.Up_Tractor_Beam_Blueprint:EventGraph.K2Node_VariableSet_986.EdGraphPin_7458).  Import failed...
[2015.11.10-04.04.54:411][152]LogProperty:Warning: ObjectProperty /Script/Engine.EdGraphPin:LinkedTo.LinkedTo: unresolved reference to 'EdGraphPin'K2Node_CallFunction_17501.EdGraphPin_8785''
[2015.11.10-04.04.54:411][152]LogUObjectHash:Warning: Ambiguous search, could be K2Node_IfThenElse /Game/PuzzleBP/Maps/PuzzleExampleMap.PuzzleExampleMap:PersistentLevel.PuzzleExampleMap.EventGraph.K2Node_IfThenElse_247 or K2Node_IfThenElse /Game/Up_Tractor_Beam_Blueprint.Up_Tractor_Beam_Blueprint:EventGraph.K2Node_IfThenElse_247
[2015.11.10-04.04.54:411][152]LogProperty:Warning: Illegal TEXT reference to a private object in external package (EdGraphPin /Game/PuzzleBP/Maps/PuzzleExampleMap.PuzzleExampleMap:PersistentLevel.PuzzleExampleMap.EventGraph.K2Node_IfThenElse_247.EdGraphPin_7479) from referencer (EdGraphPin /Game/Up_Tractor_Beam_Blueprint.Up_Tractor_Beam_Blueprint:EventGraph.K2Node_VariableGet_1496.EdGraphPin_7472).  Import failed...
[2015.11.10-04.04.54:411][152]LogProperty:Warning: ObjectProperty /Script/Engine.EdGraphPin:LinkedTo.LinkedTo: unresolved reference to 'EdGraphPin'K2Node_IfThenElse_247.EdGraphPin_7479''
[2015.11.10-04.04.54:412][152]LogUObjectHash:Warning: Ambiguous search, could be K2Node_VariableSet /Game/Up_Tractor_Beam_Blueprint.Up_Tractor_Beam_Blueprint:EventGraph.K2Node_VariableSet_985 or K2Node_VariableSet /Game/PuzzleBP/Maps/PuzzleExampleMap.PuzzleExampleMap:PersistentLevel.PuzzleExampleMap.EventGraph.K2Node_VariableSet_985
[2015.11.10-04.04.54:412][152]LogProperty:Warning: Illegal TEXT reference to a private object in external package (EdGraphPin /Game/PuzzleBP/Maps/PuzzleExampleMap.PuzzleExampleMap:PersistentLevel.PuzzleExampleMap.EventGraph.K2Node_VariableSet_985.EdGraphPin_7490) from referencer (EdGraphPin /Game/Up_Tractor_Beam_Blueprint.Up_Tractor_Beam_Blueprint:EventGraph.K2Node_IfThenElse_247.EdGraphPin_7480).  Import failed...
[2015.11.10-04.04.54:412][152]LogProperty:Warning: ObjectProperty /Script/Engine.EdGraphPin:LinkedTo.LinkedTo: unresolved reference to 'EdGraphPin'K2Node_VariableSet_985.EdGraphPin_7490''
[2015.11.10-04.04.54:413][152]LogUObjectHash:Warning: Ambiguous search, could be K2Node_VariableSet /Game/Up_Tractor_Beam_Blueprint.Up_Tractor_Beam_Blueprint:EventGraph.K2Node_VariableSet_988 or K2Node_VariableSet /Game/PuzzleBP/Maps/PuzzleExampleMap.PuzzleExampleMap:PersistentLevel.PuzzleExampleMap.EventGraph.K2Node_VariableSet_988
[2015.11.10-04.04.54:413][152]LogProperty:Warning: Illegal TEXT reference to a private object in external package (EdGraphPin /Game/PuzzleBP/Maps/PuzzleExampleMap.PuzzleExampleMap:PersistentLevel.PuzzleExampleMap.EventGraph.K2Node_VariableSet_988.EdGraphPin_7505) from referencer (EdGraphPin /Game/Up_Tractor_Beam_Blueprint.Up_Tractor_Beam_Blueprint:EventGraph.K2Node_VariableSet_985.EdGraphPin_7491).  Import failed...
[2015.11.10-04.04.54:413][152]LogProperty:Warning: ObjectProperty /Script/Engine.EdGraphPin:LinkedTo.LinkedTo: unresolved reference to 'EdGraphPin'K2Node_VariableSet_988.EdGraphPin_7505''
[2015.11.10-04.04.54:415][152]LogUObjectHash:Warning: Ambiguous search, could be K2Node_CallFunction /Game/PuzzleBP/Maps/PuzzleExampleMap.PuzzleExampleMap:PersistentLevel.PuzzleExampleMap.EventGraph.K2Node_CallFunction_9849 or K2Node_CallFunction /Game/Up_Tractor_Beam_Blueprint.Up_Tractor_Beam_Blueprint:EventGraph.K2Node_CallFunction_9849
[2015.11.10-04.04.54:415][152]LogProperty:Warning: Illegal TEXT reference to a private object in external package (EdGraphPin /Game/PuzzleBP/Maps/PuzzleExampleMap.PuzzleExampleMap:PersistentLevel.PuzzleExampleMap.EventGraph.K2Node_CallFunction_9849.EdGraphPin_8705) from referencer (EdGraphPin /Game/Up_Tractor_Beam_Blueprint.Up_Tractor_Beam_Blueprint:EventGraph.K2Node_IfThenElse_248.EdGraphPin_7520).  Import failed...
[2015.11.10-04.04.54:415][152]LogProperty:Warning: ObjectProperty /Script/Engine.EdGraphPin:LinkedTo.LinkedTo: unresolved reference to 'EdGraphPin'K2Node_CallFunction_9849.EdGraphPin_8705''
[2015.11.10-04.04.54:415][152]LogUObjectHash:Warning: Ambiguous search, could be K2Node_VariableGet /Game/PuzzleBP/Maps/PuzzleExampleMap.PuzzleExampleMap:PersistentLevel.PuzzleExampleMap.EventGraph.K2Node_VariableGet_1550 or K2Node_VariableGet /Game/Up_Tractor_Beam_Blueprint.Up_Tractor_Beam_Blueprint:EventGraph.K2Node_VariableGet_1550
[2015.11.10-04.04.54:415][152]LogProperty:Warning: Illegal TEXT reference to a private object in external package (EdGraphPin /Game/PuzzleBP/Maps/PuzzleExampleMap.PuzzleExampleMap:PersistentLevel.PuzzleExampleMap.EventGraph.K2Node_VariableGet_1550.EdGraphPin_7532) from referencer (EdGraphPin /Game/Up_Tractor_Beam_Blueprint.Up_Tractor_Beam_Blueprint:EventGraph.K2Node_IfThenElse_248.EdGraphPin_7521).  Import failed...
[2015.11.10-04.04.54:415][152]LogProperty:Warning: ObjectProperty /Script/Engine.EdGraphPin:LinkedTo.LinkedTo: unresolved reference to 'EdGraphPin'K2Node_VariableGet_1550.EdGraphPin_7532''
[2015.11.10-04.04.54:415][152]LogUObjectHash:Warning: Ambiguous search, could be K2Node_IfThenElse /Game/PuzzleBP/Maps/PuzzleExampleMap.PuzzleExampleMap:PersistentLevel.PuzzleExampleMap.EventGraph.K2Node_IfThenElse_109 or K2Node_IfThenElse /Game/Up_Tractor_Beam_Blueprint.Up_Tractor_Beam_Blueprint:EventGraph.K2Node_IfThenElse_109
[2015.11.10-04.04.54:415][152]LogProperty:Warning: Illegal TEXT reference to a private object in external package (EdGraphPin /Game/PuzzleBP/Maps/PuzzleExampleMap.PuzzleExampleMap:PersistentLevel.PuzzleExampleMap.EventGraph.K2Node_IfThenElse_109.EdGraphPin_7538) from referencer (EdGraphPin /Game/Up_Tractor_Beam_Blueprint.Up_Tractor_Beam_Blueprint:EventGraph.K2Node_IfThenElse_248.EdGraphPin_7523).  Import failed...
[2015.11.10-04.04.54:415][152]LogProperty:Warning: ObjectProperty /Script/Engine.EdGraphPin:LinkedTo.LinkedTo: unresolved reference to 'EdGraphPin'K2Node_IfThenElse_109.EdGraphPin_7538''
[2015.11.10-04.04.54:416][152]LogUObjectHash:Warning: Ambiguous search, could be K2Node_VariableGet /Game/Up_Tractor_Beam_Blueprint.Up_Tractor_Beam_Blueprint:EventGraph.K2Node_VariableGet_1552 or K2Node_VariableGet /Game/PuzzleBP/Maps/PuzzleExampleMap.PuzzleExampleMap:PersistentLevel.PuzzleExampleMap.EventGraph.K2Node_VariableGet_1552
[2015.11.10-04.04.54:416][152]LogProperty:Warning: Illegal TEXT reference to a private object in external package (EdGraphPin /Game/PuzzleBP/Maps/PuzzleExampleMap.PuzzleExampleMap:PersistentLevel.PuzzleExampleMap.EventGraph.K2Node_VariableGet_1552.EdGraphPin_7550) from referencer (EdGraphPin /Game/Up_Tractor_Beam_Blueprint.Up_Tractor_Beam_Blueprint:EventGraph.K2Node_IfThenElse_109.EdGraphPin_7539).  Import failed...
[2015.11.10-04.04.54:417][152]LogProperty:Warning: ObjectProperty /Script/Engine.EdGraphPin:LinkedTo.LinkedTo: unresolved reference to 'EdGraphPin'K2Node_VariableGet_1552.EdGraphPin_7550''
[2015.11.10-04.04.54:417][152]LogUObjectHash:Warning: Ambiguous search, could be K2Node_CallFunction /Game/PuzzleBP/Maps/PuzzleExampleMap.PuzzleExampleMap:PersistentLevel.PuzzleExampleMap.EventGraph.K2Node_CallFunction_7004 or K2Node_CallFunction /Game/Up_Tractor_Beam_Blueprint.Up_Tractor_Beam_Blueprint:EventGraph.K2Node_CallFunction_7004
[2015.11.10-04.04.54:417][152]LogProperty:Warning: Illegal TEXT reference to a private object in external package (EdGraphPin /Game/PuzzleBP/Maps/PuzzleExampleMap.PuzzleExampleMap:PersistentLevel.PuzzleExampleMap.EventGraph.K2Node_CallFunction_7004.EdGraphPin_8686) from referencer (EdGraphPin /Game/Up_Tractor_Beam_Blueprint.Up_Tractor_Beam_Blueprint:EventGraph.K2Node_IfThenElse_109.EdGraphPin_7540).  Import failed...
[2015.11.10-04.04.54:417][152]LogProperty:Warning: ObjectProperty /Script/Engine.EdGraphPin:LinkedTo.LinkedTo: unresolved reference to 'EdGraphPin'K2Node_CallFunction_7004.EdGraphPin_8686''
[2015.11.10-04.04.54:420][152]LogUObjectHash:Warning: Ambiguous search, could be K2Node_DynamicCast /Game/PuzzleBP/Maps/PuzzleExampleMap.PuzzleExampleMap:PersistentLevel.PuzzleExampleMap.EventGraph.K2Node_DynamicCast_1357 or K2Node_DynamicCast /Game/Up_Tractor_Beam_Blueprint.Up_Tractor_Beam_Blueprint:EventGraph.K2Node_DynamicCast_1357
[2015.11.10-04.04.54:420][152]LogProperty:Warning: Illegal TEXT reference to a private object in external package (EdGraphPin /Game/PuzzleBP/Maps/PuzzleExampleMap.PuzzleExampleMap:PersistentLevel.PuzzleExampleMap.EventGraph.K2Node_DynamicCast_1357.EdGraphPin_8732) from referencer (EdGraphPin /Game/Up_Tractor_Beam_Blueprint.Up_Tractor_Beam_Blueprint:EventGraph.K2Node_CallFunction_9849.EdGraphPin_8704).  Import failed...
[2015.11.10-04.04.54:420][152]LogProperty:Warning: ObjectProperty /Script/Engine.EdGraphPin:LinkedTo.LinkedTo: unresolved reference to 'EdGraphPin'K2Node_DynamicCast_1357.EdGraphPin_8732''
[2015.11.10-04.04.54:421][152]LogUObjectHash:Warning: Ambiguous search, could be K2Node_ActorBoundEvent /Game/Up_Tractor_Beam_Blueprint.Up_Tractor_Beam_Blueprint:EventGraph.K2Node_ActorBoundEvent_2357 or K2Node_ActorBoundEvent /Game/PuzzleBP/Maps/PuzzleExampleMap.PuzzleExampleMap:PersistentLevel.PuzzleExampleMap.EventGraph.K2Node_ActorBoundEvent_2357
[2015.11.10-04.04.54:422][152]LogProperty:Warning: Illegal TEXT reference to a private object in external package (EdGraphPin /Game/PuzzleBP/Maps/PuzzleExampleMap.PuzzleExampleMap:PersistentLevel.PuzzleExampleMap.EventGraph.K2Node_ActorBoundEvent_2357.EdGraphPin_6504) from referencer (EdGraphPin /Game/Up_Tractor_Beam_Blueprint.Up_Tractor_Beam_Blueprint:EventGraph.K2Node_DynamicCast_1357.EdGraphPin_8731).  Import failed...
[2015.11.10-04.04.54:422][152]LogProperty:Warning: ObjectProperty /Script/Engine.EdGraphPin:LinkedTo.LinkedTo: unresolved reference to 'EdGraphPin'K2Node_ActorBoundEvent_2357.EdGraphPin_6504''
[2015.11.10-04.04.54:422][152]LogUObjectHash:Warning: Ambiguous search, could be K2Node_ActorBoundEvent /Game/Up_Tractor_Beam_Blueprint.Up_Tractor_Beam_Blueprint:EventGraph.K2Node_ActorBoundEvent_2357 or K2Node_ActorBoundEvent /Game/PuzzleBP/Maps/PuzzleExampleMap.PuzzleExampleMap:PersistentLevel.PuzzleExampleMap.EventGraph.K2Node_ActorBoundEvent_2357
[2015.11.10-04.04.54:422][152]LogProperty:Warning: Illegal TEXT reference to a private object in external package (EdGraphPin /Game/PuzzleBP/Maps/PuzzleExampleMap.PuzzleExampleMap:PersistentLevel.PuzzleExampleMap.EventGraph.K2Node_ActorBoundEvent_2357.EdGraphPin_6505) from referencer (EdGraphPin /Game/Up_Tractor_Beam_Blueprint.Up_Tractor_Beam_Blueprint:EventGraph.K2Node_DynamicCast_1357.EdGraphPin_8734).  Import failed...
[2015.11.10-04.04.54:422][152]LogProperty:Warning: ObjectProperty /Script/Engine.EdGraphPin:LinkedTo.LinkedTo: unresolved reference to 'EdGraphPin'K2Node_ActorBoundEvent_2357.EdGraphPin_6505''
[2015.11.10-04.04.54:423][152]LogUObjectHash:Warning: Ambiguous search, could be K2Node_VariableGet /Game/PuzzleBP/Maps/PuzzleExampleMap.PuzzleExampleMap:PersistentLevel.PuzzleExampleMap.EventGraph.K2Node_VariableGet_6437 or K2Node_VariableGet /Game/Up_Tractor_Beam_Blueprint.Up_Tractor_Beam_Blueprint:EventGraph.K2Node_VariableGet_6437
[2015.11.10-04.04.54:423][152]LogProperty:Warning: Illegal TEXT reference to a private object in external package (EdGraphPin /Game/PuzzleBP/Maps/PuzzleExampleMap.PuzzleExampleMap:PersistentLevel.PuzzleExampleMap.EventGraph.K2Node_VariableGet_6437.EdGraphPin_8761) from referencer (EdGraphPin /Game/Up_Tractor_Beam_Blueprint.Up_Tractor_Beam_Blueprint:EventGraph.K2Node_CallFunction_17738.EdGraphPin_8751).  Import failed...
[2015.11.10-04.04.54:423][152]LogProperty:Warning: ObjectProperty /Script/Engine.EdGraphPin:LinkedTo.LinkedTo: unresolved reference to 'EdGraphPin'K2Node_VariableGet_6437.EdGraphPin_8761''
[2015.11.10-04.04.54:423][152]LogUObjectHash:Warning: Ambiguous search, could be K2Node_VariableGet /Game/PuzzleBP/Maps/PuzzleExampleMap.PuzzleExampleMap:PersistentLevel.PuzzleExampleMap.EventGraph.K2Node_VariableGet_6437 or K2Node_VariableGet /Game/Up_Tractor_Beam_Blueprint.Up_Tractor_Beam_Blueprint:EventGraph.K2Node_VariableGet_6437
[2015.11.10-04.04.54:423][152]LogProperty:Warning: Illegal TEXT reference to a private object in external package (EdGraphPin /Game/PuzzleBP/Maps/PuzzleExampleMap.PuzzleExampleMap:PersistentLevel.PuzzleExampleMap.EventGraph.K2Node_VariableGet_6437.EdGraphPin_8762) from referencer (EdGraphPin /Game/Up_Tractor_Beam_Blueprint.Up_Tractor_Beam_Blueprint:EventGraph.K2Node_Literal_2321.EdGraphPin_6570).  Import failed...
[2015.11.10-04.04.54:423][152]LogProperty:Warning: ObjectProperty /Script/Engine.EdGraphPin:LinkedTo.LinkedTo: unresolved reference to 'EdGraphPin'K2Node_VariableGet_6437.EdGraphPin_8762''
[2015.11.10-04.04.54:423][152]LogProperty:Warning: Illegal TEXT reference to a private object in external package (Up_Beam_Trigger_Blueprint_C /Game/PuzzleBP/Maps/PuzzleExampleMap.PuzzleExampleMap:PersistentLevel.Up_Beam_Trigger_Blueprint) from referencer (K2Node_Literal /Game/Up_Tractor_Beam_Blueprint.Up_Tractor_Beam_Blueprint:EventGraph.K2Node_Literal_2321).  Import failed...
[2015.11.10-04.04.54:423][152]LogProperty:Warning: ObjectProperty /Script/BlueprintGraph.K2Node_Literal:ObjectRef: unresolved reference to 'Up_Beam_Trigger_Blueprint_C'/Game/PuzzleBP/Maps/PuzzleExampleMap.PuzzleExampleMap:PersistentLevel.Up_Beam_Trigger_Blueprint''
[2015.11.10-04.04.54:424][152]LogUObjectHash:Warning: Ambiguous search, could be K2Node_VariableGet /Game/PuzzleBP/Maps/PuzzleExampleMap.PuzzleExampleMap:PersistentLevel.PuzzleExampleMap.EventGraph.K2Node_VariableGet_6420 or K2Node_VariableGet /Game/Up_Tractor_Beam_Blueprint.Up_Tractor_Beam_Blueprint:EventGraph.K2Node_VariableGet_6420
[2015.11.10-04.04.54:424][152]LogProperty:Warning: Illegal TEXT reference to a private object in external package (EdGraphPin /Game/PuzzleBP/Maps/PuzzleExampleMap.PuzzleExampleMap:PersistentLevel.PuzzleExampleMap.EventGraph.K2Node_VariableGet_6420.EdGraphPin_8779) from referencer (EdGraphPin /Game/Up_Tractor_Beam_Blueprint.Up_Tractor_Beam_Blueprint:EventGraph.K2Node_CallFunction_17698.EdGraphPin_8769).  Import failed...
[2015.11.10-04.04.54:424][152]LogProperty:Warning: ObjectProperty /Script/Engine.EdGraphPin:LinkedTo.LinkedTo: unresolved reference to 'EdGraphPin'K2Node_VariableGet_6420.EdGraphPin_8779''
[2015.11.10-04.04.54:425][152]LogUObjectHash:Warning: Ambiguous search, could be K2Node_VariableGet /Game/PuzzleBP/Maps/PuzzleExampleMap.PuzzleExampleMap:PersistentLevel.PuzzleExampleMap.EventGraph.K2Node_VariableGet_6420 or K2Node_VariableGet /Game/Up_Tractor_Beam_Blueprint.Up_Tractor_Beam_Blueprint:EventGraph.K2Node_VariableGet_6420
[2015.11.10-04.04.54:425][152]LogProperty:Warning: Illegal TEXT reference to a private object in external package (EdGraphPin /Game/PuzzleBP/Maps/PuzzleExampleMap.PuzzleExampleMap:PersistentLevel.PuzzleExampleMap.EventGraph.K2Node_VariableGet_6420.EdGraphPin_8780) from referencer (EdGraphPin /Game/Up_Tractor_Beam_Blueprint.Up_Tractor_Beam_Blueprint:EventGraph.K2Node_Literal_2310.EdGraphPin_6567).  Import failed...
[2015.11.10-04.04.54:425][152]LogProperty:Warning: ObjectProperty /Script/Engine.EdGraphPin:LinkedTo.LinkedTo: unresolved reference to 'EdGraphPin'K2Node_VariableGet_6420.EdGraphPin_8780''
[2015.11.10-04.04.54:425][152]LogProperty:Warning: Illegal TEXT reference to a private object in external package (Up_Beam_Trigger_Blueprint_C /Game/PuzzleBP/Maps/PuzzleExampleMap.PuzzleExampleMap:PersistentLevel.Up_Beam_Trigger_Blueprint) from referencer (K2Node_Literal /Game/Up_Tractor_Beam_Blueprint.Up_Tractor_Beam_Blueprint:EventGraph.K2Node_Literal_2310).  Import failed...
[2015.11.10-04.04.54:425][152]LogProperty:Warning: ObjectProperty /Script/BlueprintGraph.K2Node_Literal:ObjectRef: unresolved reference to 'Up_Beam_Trigger_Blueprint_C'/Game/PuzzleBP/Maps/PuzzleExampleMap.PuzzleExampleMap:PersistentLevel.Up_Beam_Trigger_Blueprint''
[2015.11.10-04.04.54:426][152]LogUObjectHash:Warning: Ambiguous search, could be K2Node_CallFunction /Game/PuzzleBP/Maps/PuzzleExampleMap.PuzzleExampleMap:PersistentLevel.PuzzleExampleMap.EventGraph.K2Node_CallFunction_17386 or K2Node_CallFunction /Game/Up_Tractor_Beam_Blueprint.Up_Tractor_Beam_Blueprint:EventGraph.K2Node_CallFunction_17386
[2015.11.10-04.04.54:426][152]LogProperty:Warning: Illegal TEXT reference to a private object in external package (EdGraphPin /Game/PuzzleBP/Maps/PuzzleExampleMap.PuzzleExampleMap:PersistentLevel.PuzzleExampleMap.EventGraph.K2Node_CallFunction_17386.EdGraphPin_8803) from referencer (EdGraphPin /Game/Up_Tractor_Beam_Blueprint.Up_Tractor_Beam_Blueprint:EventGraph.K2Node_CallFunction_17501.EdGraphPin_8786).  Import failed...
[2015.11.10-04.04.54:426][152]LogProperty:Warning: ObjectProperty /Script/Engine.EdGraphPin:LinkedTo.LinkedTo: unresolved reference to 'EdGraphPin'K2Node_CallFunction_17386.EdGraphPin_8803''
[2015.11.10-04.04.54:426][152]LogUObjectHash:Warning: Ambiguous search, could be K2Node_VariableGet /Game/PuzzleBP/Maps/PuzzleExampleMap.PuzzleExampleMap:PersistentLevel.PuzzleExampleMap.EventGraph.K2Node_VariableGet_6330 or K2Node_VariableGet /Game/Up_Tractor_Beam_Blueprint.Up_Tractor_Beam_Blueprint:EventGraph.K2Node_VariableGet_6330
[2015.11.10-04.04.54:426][152]LogProperty:Warning: Illegal TEXT reference to a private object in external package (EdGraphPin /Game/PuzzleBP/Maps/PuzzleExampleMap.PuzzleExampleMap:PersistentLevel.PuzzleExampleMap.EventGraph.K2Node_VariableGet_6330.EdGraphPin_8797) from referencer (EdGraphPin /Game/Up_Tractor_Beam_Blueprint.Up_Tractor_Beam_Blueprint:EventGraph.K2Node_CallFunction_17501.EdGraphPin_8787).  Import failed...
[2015.11.10-04.04.54:426][152]LogProperty:Warning: ObjectProperty /Script/Engine.EdGraphPin:LinkedTo.LinkedTo: unresolved reference to 'EdGraphPin'K2Node_VariableGet_6330.EdGraphPin_8797''
[2015.11.10-04.04.54:427][152]LogUObjectHash:Warning: Ambiguous search, could be K2Node_VariableGet /Game/PuzzleBP/Maps/PuzzleExampleMap.PuzzleExampleMap:PersistentLevel.PuzzleExampleMap.EventGraph.K2Node_VariableGet_6330 or K2Node_VariableGet /Game/Up_Tractor_Beam_Blueprint.Up_Tractor_Beam_Blueprint:EventGraph.K2Node_VariableGet_6330
[2015.11.10-04.04.54:427][152]LogProperty:Warning: Illegal TEXT reference to a private object in external package (EdGraphPin /Game/PuzzleBP/Maps/PuzzleExampleMap.PuzzleExampleMap:PersistentLevel.PuzzleExampleMap.EventGraph.K2Node_VariableGet_6330.EdGraphPin_8798) from referencer (EdGraphPin /Game/Up_Tractor_Beam_Blueprint.Up_Tractor_Beam_Blueprint:EventGraph.K2Node_Literal_2264.EdGraphPin_6517).  Import failed...
[2015.11.10-04.04.54:427][152]LogProperty:Warning: ObjectProperty /Script/Engine.EdGraphPin:LinkedTo.LinkedTo: unresolved reference to 'EdGraphPin'K2Node_VariableGet_6330.EdGraphPin_8798''
[2015.11.10-04.04.54:427][152]LogProperty:Warning: Illegal TEXT reference to a private object in external package (Up_Beam_Trigger_Blueprint_C /Game/PuzzleBP/Maps/PuzzleExampleMap.PuzzleExampleMap:PersistentLevel.Up_Beam_Trigger_Blueprint) from referencer (K2Node_Literal /Game/Up_Tractor_Beam_Blueprint.Up_Tractor_Beam_Blueprint:EventGraph.K2Node_Literal_2264).  Import failed...
[2015.11.10-04.04.54:427][152]LogProperty:Warning: ObjectProperty /Script/BlueprintGraph.K2Node_Literal:ObjectRef: unresolved reference to 'Up_Beam_Trigger_Blueprint_C'/Game/PuzzleBP/Maps/PuzzleExampleMap.PuzzleExampleMap:PersistentLevel.Up_Beam_Trigger_Blueprint''
[2015.11.10-04.04.54:428][152]LogUObjectHash:Warning: Ambiguous search, could be K2Node_VariableGet /Game/PuzzleBP/Maps/PuzzleExampleMap.PuzzleExampleMap:PersistentLevel.PuzzleExampleMap.EventGraph.K2Node_VariableGet_6275 or K2Node_VariableGet /Game/Up_Tractor_Beam_Blueprint.Up_Tractor_Beam_Blueprint:EventGraph.K2Node_VariableGet_6275
[2015.11.10-04.04.54:428][152]LogProperty:Warning: Illegal TEXT reference to a private object in external package (EdGraphPin /Game/PuzzleBP/Maps/PuzzleExampleMap.PuzzleExampleMap:PersistentLevel.PuzzleExampleMap.EventGraph.K2Node_VariableGet_6275.EdGraphPin_8815) from referencer (EdGraphPin /Game/Up_Tractor_Beam_Blueprint.Up_Tractor_Beam_Blueprint:EventGraph.K2Node_CallFunction_17386.EdGraphPin_8805).  Import failed...
[2015.11.10-04.04.54:428][152]LogProperty:Warning: ObjectProperty /Script/Engine.EdGraphPin:LinkedTo.LinkedTo: unresolved reference to 'EdGraphPin'K2Node_VariableGet_6275.EdGraphPin_8815''
[2015.11.10-04.04.54:429][152]LogUObjectHash:Warning: Ambiguous search, could be K2Node_VariableGet /Game/PuzzleBP/Maps/PuzzleExampleMap.PuzzleExampleMap:PersistentLevel.PuzzleExampleMap.EventGraph.K2Node_VariableGet_6275 or K2Node_VariableGet /Game/Up_Tractor_Beam_Blueprint.Up_Tractor_Beam_Blueprint:EventGraph.K2Node_VariableGet_6275
[2015.11.10-04.04.54:429][152]LogProperty:Warning: Illegal TEXT reference to a private object in external package (EdGraphPin /Game/PuzzleBP/Maps/PuzzleExampleMap.PuzzleExampleMap:PersistentLevel.PuzzleExampleMap.EventGraph.K2Node_VariableGet_6275.EdGraphPin_8816) from referencer (EdGraphPin /Game/Up_Tractor_Beam_Blueprint.Up_Tractor_Beam_Blueprint:EventGraph.K2Node_Literal_2239.EdGraphPin_6520).  Import failed...
[2015.11.10-04.04.54:429][152]LogProperty:Warning: ObjectProperty /Script/Engine.EdGraphPin:LinkedTo.LinkedTo: unresolved reference to 'EdGraphPin'K2Node_VariableGet_6275.EdGraphPin_8816''
[2015.11.10-04.04.54:429][152]LogProperty:Warning: Illegal TEXT reference to a private object in external package (Up_Beam_Trigger_Blueprint_C /Game/PuzzleBP/Maps/PuzzleExampleMap.PuzzleExampleMap:PersistentLevel.Up_Beam_Trigger_Blueprint) from referencer (K2Node_Literal /Game/Up_Tractor_Beam_Blueprint.Up_Tractor_Beam_Blueprint:EventGraph.K2Node_Literal_2239).  Import failed...
[2015.11.10-04.04.54:429][152]LogProperty:Warning: ObjectProperty /Script/BlueprintGraph.K2Node_Literal:ObjectRef: unresolved reference to 'Up_Beam_Trigger_Blueprint_C'/Game/PuzzleBP/Maps/PuzzleExampleMap.PuzzleExampleMap:PersistentLevel.Up_Beam_Trigger_Blueprint''
[2015.11.10-04.04.54:431][152]LogProperty:Warning: Illegal TEXT reference to a private object in external package (Up_Beam_Trigger_Blueprint_C /Game/PuzzleBP/Maps/PuzzleExampleMap.PuzzleExampleMap:PersistentLevel.Up_Beam_Trigger_Blueprint) from referencer (K2Node_ActorBoundEvent /Game/Up_Tractor_Beam_Blueprint.Up_Tractor_Beam_Blueprint:EventGraph.K2Node_ActorBoundEvent_2357).  Import failed...
[2015.11.10-04.04.54:431][152]LogProperty:Warning: ObjectProperty /Script/BlueprintGraph.K2Node_ActorBoundEvent:EventOwner: unresolved reference to 'Up_Beam_Trigger_Blueprint_C'/Game/PuzzleBP/Maps/PuzzleExampleMap.PuzzleExampleMap:PersistentLevel.Up_Beam_Trigger_Blueprint''
[2015.11.10-04.04.54:432][152]LogBlueprint:Warning: [Up_Tractor_Beam_Blueprint] CreatePinForVariable: 'Up_Beam_On' variable not found. Base class was probably changed.
[2015.11.10-04.04.54:432][152]LogBlueprint:Warning: [Up_Tractor_Beam_Blueprint] CreatePinForVariable: 'Up_Beam_On' variable not found. Base class was probably changed.
[2015.11.10-04.04.54:434][152]LogBlueprint:Warning: [Up_Tractor_Beam_Blueprint] CreatePinForVariable: 'Up_Beam_On' variable not found. Base class was probably changed.
[2015.11.10-04.04.54:435][152]LogBlueprint:Warning: [Up_Tractor_Beam_Blueprint] CreatePinForVariable: 'Up' variable not found. Base class was probably changed.
[2015.11.10-04.04.54:435][152]LogBlueprint:Warning: [Up_Tractor_Beam_Blueprint] CreatePinForVariable: 'Up' variable not found. Base class was probably changed.
[2015.11.10-04.04.54:435][152]LogBlueprint:Warning: [Up_Tractor_Beam_Blueprint] CreatePinForVariable: 'Up' variable not found. Base class was probably changed.
[2015.11.10-04.04.54:435][152]LogBlueprint:Warning: [Up_Tractor_Beam_Blueprint] CreatePinForVariable: 'Up' variable not found. Base class was probably changed.
[2015.11.10-04.04.54:435][152]LogBlueprint:Warning: [Up_Tractor_Beam_Blueprint] CreatePinForVariable: 'Up' variable not found. Base class was probably changed.
[2015.11.10-04.04.54:436][152]LogBlueprint:Warning: [Up_Tractor_Beam_Blueprint] CreatePinForVariable: 'Down' variable not found. Base class was probably changed.
[2015.11.10-04.04.54:436][152]LogBlueprint:Warning: [Up_Tractor_Beam_Blueprint] CreatePinForVariable: 'Down' variable not found. Base class was probably changed.
[2015.11.10-04.04.54:436][152]LogBlueprint:Warning: [Up_Tractor_Beam_Blueprint] CreatePinForVariable: 'Down' variable not found. Base class was probably changed.
[2015.11.10-04.04.54:437][152]LogBlueprint:Warning: [Up_Tractor_Beam_Blueprint] CreatePinForVariable: 'Down' variable not found. Base class was probably changed.
[2015.11.10-04.04.54:437][152]LogBlueprint:Warning: [Up_Tractor_Beam_Blueprint] CreatePinForVariable: 'Down' variable not found. Base class was probably changed.
[2015.11.10-04.04.54:437][152]LogBlueprint:Warning: [Up_Tractor_Beam_Blueprint] CreatePinForVariable: 'Up_Beam_On' variable not found. Base class was probably changed.
[2015.11.10-04.04.54:437][152]LogBlueprint:Warning: [Up_Tractor_Beam_Blueprint] CreatePinForVariable: 'Up_Beam_On' variable not found. Base class was probably changed.
[2015.11.10-04.04.54:438][152]LogBlueprint:Warning: [Up_Tractor_Beam_Blueprint] CreatePinForVariable: 'Down' variable not found. Base class was probably changed.
[2015.11.10-04.04.54:438][152]LogBlueprint:Warning: [Up_Tractor_Beam_Blueprint] CreatePinForVariable: 'Up' variable not found. Base class was probably changed.
[2015.11.10-04.04.54:439][152]LogBlueprint:Warning: [Up_Tractor_Beam_Blueprint] CreatePinForVariable: 'Up' variable not found. Base class was probably changed.
[2015.11.10-04.04.54:439][152]LogBlueprint:Warning: [Up_Tractor_Beam_Blueprint] CreatePinForVariable: 'Up' variable not found. Base class was probably changed.
[2015.11.10-04.05.26:578][886]LogBlueprintUserMessages: CustomizeDetails for Blueprint 'Up_Tractor_Beam_Blueprint', cached variable property's owner is '/Game/Up_Tractor_Beam_Blueprint.SKEL_Up_Tractor_Beam_Blueprint_C'
[2015.11.10-04.05.27:623][911]LogBlueprintUserMessages: CustomizeDetails for Blueprint 'Up_Tractor_Beam_Blueprint', cached variable property's owner is '/Game/Up_Tractor_Beam_Blueprint.SKEL_Up_Tractor_Beam_Blueprint_C'
[2015.11.10-04.05.33:392][ 57]LogBlueprintUserMessages: PostEditorRefresh for Blueprint 'Up_Tractor_Beam_Blueprint', cached variable property's owner is '/Game/Up_Tractor_Beam_Blueprint.SKEL_Up_Tractor_Beam_Blueprint_C'
[2015.11.10-04.05.33:491][ 57]LogBlueprintUserMessages: CustomizeDetails for Blueprint 'Up_Tractor_Beam_Blueprint', cached variable property's owner is '/Game/Up_Tractor_Beam_Blueprint.SKEL_Up_Tractor_Beam_Blueprint_C'
[2015.11.10-04.05.35:309][106]LogBlueprintUserMessages: PostEditorRefresh for Blueprint 'Up_Tractor_Beam_Blueprint', cached variable property's owner is '/Game/Up_Tractor_Beam_Blueprint.SKEL_Up_Tractor_Beam_Blueprint_C'
[2015.11.10-04.05.35:470][106]LogBlueprintUserMessages: CustomizeDetails for Blueprint 'Up_Tractor_Beam_Blueprint', cached variable property's owner is '/Game/Up_Tractor_Beam_Blueprint.SKEL_Up_Tractor_Beam_Blueprint_C'
[2015.11.10-04.05.36:483][131]LogBlueprintUserMessages: CustomizeDetails for Blueprint 'Up_Tractor_Beam_Blueprint', cached variable property's owner is '/Game/Up_Tractor_Beam_Blueprint.SKEL_Up_Tractor_Beam_Blueprint_C'
[2015.11.10-04.05.39:399][200]LogBlueprintUserMessages: PostEditorRefresh for Blueprint 'Up_Tractor_Beam_Blueprint', cached variable property's owner is '/Game/Up_Tractor_Beam_Blueprint.SKEL_Up_Tractor_Beam_Blueprint_C'
[2015.11.10-04.05.39:533][200]LogBlueprintUserMessages: CustomizeDetails for Blueprint 'Up_Tractor_Beam_Blueprint', cached variable property's owner is '/Game/Up_Tractor_Beam_Blueprint.SKEL_Up_Tractor_Beam_Blueprint_C'
[2015.11.10-04.05.40:955][239]LogBlueprintUserMessages: PostEditorRefresh for Blueprint 'Up_Tractor_Beam_Blueprint', cached variable property's owner is '/Game/Up_Tractor_Beam_Blueprint.SKEL_Up_Tractor_Beam_Blueprint_C'
[2015.11.10-04.05.41:052][239]LogBlueprintUserMessages: CustomizeDetails for Blueprint 'Up_Tractor_Beam_Blueprint', cached variable property's owner is '/Game/Up_Tractor_Beam_Blueprint.SKEL_Up_Tractor_Beam_Blueprint_C'
[2015.11.10-04.05.44:323][314]LogBlueprintUserMessages: PostEditorRefresh for Blueprint 'Up_Tractor_Beam_Blueprint', cached variable property's owner is '/Game/Up_Tractor_Beam_Blueprint.SKEL_Up_Tractor_Beam_Blueprint_C'
[2015.11.10-04.05.44:458][314]LogBlueprintUserMessages: CustomizeDetails for Blueprint 'Up_Tractor_Beam_Blueprint', cached variable property's owner is '/Game/Up_Tractor_Beam_Blueprint.SKEL_Up_Tractor_Beam_Blueprint_C'
[2015.11.10-04.05.45:798][349]LogBlueprintUserMessages: CustomizeDetails for Blueprint 'Up_Tractor_Beam_Blueprint', cached variable property's owner is '/Game/Up_Tractor_Beam_Blueprint.SKEL_Up_Tractor_Beam_Blueprint_C'
[2015.11.10-04.06.06:046][ 17]LogBlueprintUserMessages: CustomizeDetails for Blueprint 'Up_Tractor_Beam_Blueprint', cached variable property's owner is '/Script/Engine.TriggerBase'
[2015.11.10-04.06.21:872][426]LogBlueprintUserMessages: CustomizeDetails for Blueprint 'Up_Tractor_Beam_Blueprint', cached variable property's owner is '/Script/Engine.TriggerBase'
[2015.11.10-04.06.56:842][470]BlueprintLog: New page: Compile Up_Tractor_Beam_Blueprint
[2015.11.10-04.06.56:886][470]LogBlueprint:Error: [compiler Up_Tractor_Beam_Blueprint] Error The type of  Object  is undetermined.  Connect something to  Cast To Up_Beam_Trigger_Blueprint  to imply a specific type.
[2015.11.10-04.06.56:886][470]LogBlueprint:Error: [compiler Up_Tractor_Beam_Blueprint] Error The current value of the ' Object ' pin is invalid: Unsupported type Object Wildcard on pin Object
[2015.11.10-04.06.56:889][470]LogUObjectGlobals:Warning: Guid is in use by StaticMeshComponent /Game/PuzzleBP/Maps/PuzzleExampleMap.PuzzleExampleMap:PersistentLevel.Up_Tractor_Beam_Blueprint.StaticMeshComponent0 and StaticMeshComponent /Game/PuzzleBP/Maps/PuzzleExampleMap.PuzzleExampleMap:PersistentLevel.Up_Tractor_Beam_Blueprint_C_0.StaticMeshComponent0, which should never happen in the editor but could happen at runtime with duplicate level loading or PIE
[2015.11.10-04.06.57:139][470]LogParticles: Destroying 0 GPU particle simulations for FXSystem 0x000000003EC18360
[2015.11.10-04.06.57:140][470]LogParticles: Destroying 0 GPU particle simulations for FXSystem 0x0000000036ED8CC0
[2015.11.10-04.06.57:141][470]LogParticles: Destroying 0 GPU particle simulations for FXSystem 0x000000001CF4D4E0
[2015.11.10-04.06.57:158][470]LogBlueprint:Warning: [compiler Up_Tractor_Beam_Blueprint] Warning [0321.82] Compile of Up_Tractor_Beam_Blueprint failed. 2 Fatal Issue(s) 0 Warning(s) [in 315 ms]
[2015.11.10-04.06.57:158][470]BlueprintEditorCompileResults:Error: Error The type of  Object  is undetermined.  Connect something to  Cast To Up_Beam_Trigger_Blueprint  to imply a specific type.
[2015.11.10-04.06.57:158][470]BlueprintEditorCompileResults:Error: Error The current value of the ' Object ' pin is invalid: Unsupported type Object Wildcard on pin Object
[2015.11.10-04.06.57:158][470]BlueprintEditorCompileResults:Warning: Warning [0321.82] Compile of Up_Tractor_Beam_Blueprint failed. 2 Fatal Issue(s) 0 Warning(s) [in 315 ms]
[2015.11.10-04.08.45:796][235]LogBlueprintUserMessages: CustomizeDetails for Blueprint 'Up_Tractor_Beam_Blueprint', cached variable property's owner is '/Script/Engine.StaticMeshActor'
[2015.11.10-04.13.31:002][250]Cmd: OBJ SAVEPACKAGE PACKAGE="/Game/Up_Tractor_Beam_Blueprint" FILE="../../../../../../Users/arberj/Documents/Project 3/Project3/Content/Up_Tractor_Beam_Blueprint.uasset" SILENT=true
[2015.11.10-04.13.31:126][250]LogSavePackage:Warning: Obj in another map: Up_Beam_Trigger_Blueprint_C /Game/PuzzleBP/Maps/PuzzleExampleMap.PuzzleExampleMap:PersistentLevel.Up_Beam_Trigger_Blueprint
[2015.11.10-04.13.52:970][250]LogSavePackage:Warning: 
Referencers of Up_Beam_Trigger_Blueprint_C /Game/PuzzleBP/Maps/PuzzleExampleMap.PuzzleExampleMap:PersistentLevel.Up_Beam_Trigger_Blueprint:
[2015.11.10-04.13.53:132][250]LogSavePackage:Warning: 	K2Node_ActorBoundEvent /Game/Up_Tractor_Beam_Blueprint.Up_Tractor_Beam_Blueprint:EventGraph.K2Node_ActorBoundEvent_2357 (1 refs)
[2015.11.10-04.13.53:132][250]LogSavePackage:Warning: 		0) ObjectProperty /Script/BlueprintGraph.K2Node_ActorBoundEvent:EventOwner
[2015.11.10-04.14.02:177][250]EditorErrors: New page: Save Output
[2015.11.10-04.14.02:177][250]EditorErrors:Warning: Warning Object 'Up_Beam_Trigger_Blueprint_C /Game/PuzzleBP/Maps/PuzzleExampleMap.PuzzleExampleMap:PersistentLevel.Up_Beam_Trigger_Blueprint' is in another map
[2015.11.10-04.14.02:177][250]EditorErrors:Warning: Warning Can't save ../../../../../../Users/arberj/Documents/Project 3/Project3/Content/Up_Tractor_Beam_Blueprint.uasset: Graph is linked to object Up_Beam_Trigger_Blueprint_C /Game/PuzzleBP/Maps/PuzzleExampleMap.PuzzleExampleMap:PersistentLevel.Up_Beam_Trigger_Blueprint (EventOwner) in external map
[2015.11.10-04.14.08:190][334]Cmd: OBJ SAVEPACKAGE PACKAGE="/Game/Up_Beam_Trigger_Blueprint" FILE="../../../../../../Users/arberj/Documents/Project 3/Project3/Content/Up_Beam_Trigger_Blueprint.uasset" SILENT=true
[2015.11.10-04.14.08:256][334]LogSavePackage: Save=34.003929ms
[2015.11.10-04.14.08:256][334]LogSavePackage: Moving '../../../../../../Users/arberj/Documents/Project 3/Project3/Saved/Up_Beam_Trigger_Blueprint06D553EE444160141AE21C82CF885146.tmp' to '../../../../../../Users/arberj/Documents/Project 3/Project3/Content/Up_Beam_Trigger_Blueprint.uasset'
[2015.11.10-04.14.08:258][334]LogSavePackage: Total save time: 62.673256ms
[2015.11.10-04.14.08:258][334]LogSavePackage:Warning: Finished SavePackage ../../../../../../Users/arberj/Documents/Project 3/Project3/Content/Up_Beam_Trigger_Blueprint.uasset
[2015.11.10-04.14.10:161][377]Cmd: OBJ SAVEPACKAGE PACKAGE="/Game/Up_Tractor_Beam_Blueprint" FILE="../../../../../../Users/arberj/Documents/Project 3/Project3/Content/Up_Tractor_Beam_Blueprint.uasset" SILENT=true
[2015.11.10-04.14.10:256][377]LogSavePackage:Warning: Obj in another map: Up_Beam_Trigger_Blueprint_C /Game/PuzzleBP/Maps/PuzzleExampleMap.PuzzleExampleMap:PersistentLevel.Up_Beam_Trigger_Blueprint
[2015.11.10-04.14.11:875][377]LogSavePackage:Warning: 
Referencers of Up_Beam_Trigger_Blueprint_C /Game/PuzzleBP/Maps/PuzzleExampleMap.PuzzleExampleMap:PersistentLevel.Up_Beam_Trigger_Blueprint:
[2015.11.10-04.14.11:989][377]LogSavePackage:Warning: 	K2Node_ActorBoundEvent /Game/Up_Tractor_Beam_Blueprint.Up_Tractor_Beam_Blueprint:EventGraph.K2Node_ActorBoundEvent_2357 (1 refs)
[2015.11.10-04.14.11:989][377]LogSavePackage:Warning: 		0) ObjectProperty /Script/BlueprintGraph.K2Node_ActorBoundEvent:EventOwner
[2015.11.10-04.14.12:917][377]EditorErrors: New page: Save Output
[2015.11.10-04.14.12:917][377]EditorErrors:Warning: Warning Object 'Up_Beam_Trigger_Blueprint_C /Game/PuzzleBP/Maps/PuzzleExampleMap.PuzzleExampleMap:PersistentLevel.Up_Beam_Trigger_Blueprint' is in another map
[2015.11.10-04.14.12:917][377]EditorErrors:Warning: Warning Can't save ../../../../../../Users/arberj/Documents/Project 3/Project3/Content/Up_Tractor_Beam_Blueprint.uasset: Graph is linked to object Up_Beam_Trigger_Blueprint_C /Game/PuzzleBP/Maps/PuzzleExampleMap.PuzzleExampleMap:PersistentLevel.Up_Beam_Trigger_Blueprint (EventOwner) in external map
[2015.11.10-04.14.35:161][836]Cmd: OBJ SAVEPACKAGE PACKAGE="/Game/Up_Tractor_Beam_Blueprint" FILE="../../../../../../Users/arberj/Documents/Project 3/Project3/Content/Up_Tractor_Beam_Blueprint.uasset" SILENT=true
[2015.11.10-04.14.35:283][836]LogSavePackage:Warning: Obj in another map: Up_Beam_Trigger_Blueprint_C /Game/PuzzleBP/Maps/PuzzleExampleMap.PuzzleExampleMap:PersistentLevel.Up_Beam_Trigger_Blueprint
[2015.11.10-04.14.36:892][836]LogSavePackage:Warning: 
Referencers of Up_Beam_Trigger_Blueprint_C /Game/PuzzleBP/Maps/PuzzleExampleMap.PuzzleExampleMap:PersistentLevel.Up_Beam_Trigger_Blueprint:
[2015.11.10-04.14.37:030][836]LogSavePackage:Warning: 	K2Node_ActorBoundEvent /Game/Up_Tractor_Beam_Blueprint.Up_Tractor_Beam_Blueprint:EventGraph.K2Node_ActorBoundEvent_2357 (1 refs)
[2015.11.10-04.14.37:031][836]LogSavePackage:Warning: 		0) ObjectProperty /Script/BlueprintGraph.K2Node_ActorBoundEvent:EventOwner
[2015.11.10-04.14.39:174][836]EditorErrors: New page: Save Output
[2015.11.10-04.14.39:174][836]EditorErrors:Warning: Warning Object 'Up_Beam_Trigger_Blueprint_C /Game/PuzzleBP/Maps/PuzzleExampleMap.PuzzleExampleMap:PersistentLevel.Up_Beam_Trigger_Blueprint' is in another map
[2015.11.10-04.14.39:174][836]EditorErrors:Warning: Warning Can't save ../../../../../../Users/arberj/Documents/Project 3/Project3/Content/Up_Tractor_Beam_Blueprint.uasset: Graph is linked to object Up_Beam_Trigger_Blueprint_C /Game/PuzzleBP/Maps/PuzzleExampleMap.PuzzleExampleMap:PersistentLevel.Up_Beam_Trigger_Blueprint (EventOwner) in external map
[2015.11.10-04.14.59:742][304]LogParticles: Destroying 0 GPU particle simulations for FXSystem 0x000000002704B9C0
[2015.11.10-04.14.59:743][304]LogParticles: Destroying 0 GPU particle simulations for FXSystem 0x000000001CBC2CA0
[2015.11.10-04.15.00:748][304]LogSavePackage: Save=971.388733ms
[2015.11.10-04.15.00:748][304]LogSavePackage: Moving '../../../../../../Users/arberj/Documents/Project 3/Project3/Saved/PuzzleExampleMap14EC769640CBD97AB14C5780CA004693.tmp' to '../../../../../../Users/arberj/Documents/Project 3/Project3/Content/PuzzleBP/Maps/PuzzleExampleMap.umap'
[2015.11.10-04.15.00:756][304]LogSavePackage: Total save time: 1006.208722ms
[2015.11.10-04.15.00:756][304]LogSavePackage:Warning: Finished SavePackage ../../../../../../Users/arberj/Documents/Project 3/Project3/Content/PuzzleBP/Maps/PuzzleExampleMap.umap
[2015.11.10-04.16.09:291][882]LogParticles: Destroying 0 GPU particle simulations for FXSystem 0x0000000021A22480
[2015.11.10-04.16.13:636][882]LogSavePackage: Save=23.648275ms
[2015.11.10-04.16.13:636][882]LogSavePackage: Moving '../../../../../../Users/arberj/Documents/Project 3/Project3/Saved/Level_1D58F70E84B185BE34982F08AB53CC882.tmp' to '../../../../../../Users/arberj/Documents/Project 3/Project3/Content/PuzzleBP/Blueprints/Level_1.umap'
[2015.11.10-04.16.13:640][882]LogSavePackage: Total save time: 29.244050ms
[2015.11.10-04.16.13:640][882]LogSavePackage:Warning: Finished SavePackage ../../../../../../Users/arberj/Documents/Project 3/Project3/Content/PuzzleBP/Blueprints/Level_1.umap
[2015.11.10-04.16.13:641][882]LogFileHelpers: Saving map 'Level_1' took 0.334
[2015.11.10-04.16.13:649][882]Cmd: OBJ SAVEPACKAGE PACKAGE="/Game/Up_Tractor_Beam_Blueprint" FILE="../../../../../../Users/arberj/Documents/Project 3/Project3/Content/Up_Tractor_Beam_Blueprint.uasset" SILENT=true
[2015.11.10-04.16.13:795][882]LogSavePackage:Warning: Obj in another map: Up_Beam_Trigger_Blueprint_C /Game/PuzzleBP/Maps/PuzzleExampleMap.PuzzleExampleMap:PersistentLevel.Up_Beam_Trigger_Blueprint
[2015.11.10-04.16.16:917][882]LogSavePackage:Warning: 
Referencers of Up_Beam_Trigger_Blueprint_C /Game/PuzzleBP/Maps/PuzzleExampleMap.PuzzleExampleMap:PersistentLevel.Up_Beam_Trigger_Blueprint:
[2015.11.10-04.16.17:060][882]LogSavePackage:Warning: 	K2Node_ActorBoundEvent /Game/Up_Tractor_Beam_Blueprint.Up_Tractor_Beam_Blueprint:EventGraph.K2Node_ActorBoundEvent_2357 (1 refs)
[2015.11.10-04.16.17:060][882]LogSavePackage:Warning: 		0) ObjectProperty /Script/BlueprintGraph.K2Node_ActorBoundEvent:EventOwner
[2015.11.10-04.16.18:202][882]EditorErrors: New page: Save Output
[2015.11.10-04.16.18:203][882]EditorErrors:Warning: Warning Object 'Up_Beam_Trigger_Blueprint_C /Game/PuzzleBP/Maps/PuzzleExampleMap.PuzzleExampleMap:PersistentLevel.Up_Beam_Trigger_Blueprint' is in another map
[2015.11.10-04.16.18:203][882]EditorErrors:Warning: Warning Can't save ../../../../../../Users/arberj/Documents/Project 3/Project3/Content/Up_Tractor_Beam_Blueprint.uasset: Graph is linked to object Up_Beam_Trigger_Blueprint_C /Game/PuzzleBP/Maps/PuzzleExampleMap.PuzzleExampleMap:PersistentLevel.Up_Beam_Trigger_Blueprint (EventOwner) in external map
[2015.11.10-04.16.19:634][882]Cmd: MAP LOAD FILE="../../../../../../Users/arberj/Documents/Project 3/Project3/Content/PuzzleBP/Blueprints/Level_1.umap" TEMPLATE=0 SHOWPROGRESS=1 FEATURELEVEL=3
[2015.11.10-04.16.19:636][882]LightingResults: New page: Lighting Build
[2015.11.10-04.16.19:719][882]LoadErrors: New page: Loading map: Level_1.umap
[2015.11.10-04.16.19:854][882]MapCheck: New page: Map Check
[2015.11.10-04.16.19:854][882]LightingResults: New page: Lighting Build
[2015.11.10-04.16.19:945][882]LogParticles: Destroying 0 GPU particle simulations for FXSystem 0x000000002AC3B2E0
[2015.11.10-04.16.19:954][882]LogReferenceChain: Searching referencers for PuzzleExampleMap. This may take several minutes.
[2015.11.10-04.16.21:028][882]LogReferenceChain: Generating reference graph ...
[2015.11.10-04.16.21:066][882]LogReferenceChain: Level 0 has 10 nodes ...
[2015.11.10-04.16.21:088][882]LogReferenceChain: Level 1 added 52 nodes ...
[2015.11.10-04.16.21:112][882]LogReferenceChain: Level 2 added 160 nodes ...
[2015.11.10-04.16.21:136][882]LogReferenceChain: Level 3 added 449 nodes ...
[2015.11.10-04.16.21:160][882]LogReferenceChain: Level 4 added 975 nodes ...
[2015.11.10-04.16.21:185][882]LogReferenceChain: Level 5 added 1120 nodes ...
[2015.11.10-04.16.21:208][882]LogReferenceChain: Level 6 added 221 nodes ...
[2015.11.10-04.16.21:232][882]LogReferenceChain: Level 7 added 0 nodes ...
[2015.11.10-04.16.21:232][882]LogReferenceChain: Generating reference chains ...
[2015.11.10-04.16.21:232][882]LogReferenceChain:   
[2015.11.10-04.16.21:232][882]LogReferenceChain: External Referencers:
[2015.11.10-04.16.21:232][882]LogReferenceChain:   
[2015.11.10-04.16.21:232][882]LogReferenceChain: (standalone) Blueprint /Game/Up_Tractor_Beam_Blueprint.Up_Tractor_Beam_Blueprint->LastEditedDocuments
[2015.11.10-04.16.21:232][882]LogReferenceChain:   EdGraph /Game/Up_Tractor_Beam_Blueprint.Up_Tractor_Beam_Blueprint:EventGraph->Nodes
[2015.11.10-04.16.21:232][882]LogReferenceChain:     K2Node_ActorBoundEvent /Game/Up_Tractor_Beam_Blueprint.Up_Tractor_Beam_Blueprint:EventGraph.K2Node_ActorBoundEvent_2357->EventOwner
[2015.11.10-04.16.21:232][882]LogReferenceChain:       Up_Beam_Trigger_Blueprint_C /Game/PuzzleBP/Maps/PuzzleExampleMap.PuzzleExampleMap:PersistentLevel.Up_Beam_Trigger_Blueprint->Outer
[2015.11.10-04.16.21:232][882]LogReferenceChain:         Level /Game/PuzzleBP/Maps/PuzzleExampleMap.PuzzleExampleMap:PersistentLevel->OwningWorld
[2015.11.10-04.16.21:232][882]LogReferenceChain:           (target) World /Game/PuzzleBP/Maps/PuzzleExampleMap.PuzzleExampleMap
[2015.11.10-04.16.21:462][882]LogWindows:Error: Windows GetLastError: The operation completed successfully. (0)
[2015.11.10-04.16.24:387][882]LogCrashTracker: 


[2015.11.10-04.16.24:591][882]LogCrashTracker: 


[2015.11.10-04.16.24:591][882]LogWindows: === Critical error: ===
Fatal error: [File:D:\BuildFarm\buildmachine_++depot+UE4-Releases+4.9\Engine\Source\Editor\UnrealEd\Private\EditorServer.cpp] [Line: 1773] 
/Game/PuzzleBP/Maps/PuzzleExampleMap.PuzzleExampleMap still around trying to load ../../../../../../Users/arberj/Documents/Project 3/Project3/Content/PuzzleBP/Blueprints/Level_1.umap
   (Object is not currently rooted)





[2015.11.10-04.16.24:948][882]LogExit: Executing StaticShutdownAfterError
[2015.11.10-04.16.24:956][882]LogPhysics:Warning: PHYSX: ..\..\PhysX\src\NpScene.cpp (2946) 8 : PxScene::unlockWrite() called without matching call to PxScene::lockWrite(), behaviour will be undefined.
[2015.11.10-04.16.24:957][882]LogPhysics:Warning: PHYSX: ..\..\PhysX\src\NpScene.cpp (2946) 8 : PxScene::unlockWrite() called without matching call to PxScene::lockWrite(), behaviour will be undefined.
[2015.11.10-04.16.24:957][882]LogPhysics:Warning: PHYSX: ..\..\PhysX\src\NpScene.cpp (2946) 8 : PxScene::unlockWrite() called without matching call to PxScene::lockWrite(), behaviour will be undefined.
[2015.11.10-04.16.24:957][882]LogPhysics:Warning: PHYSX: ..\..\PhysX\src\NpScene.cpp (2946) 8 : PxScene::unlockWrite() called without matching call to PxScene::lockWrite(), behaviour will be undefined.
[2015.11.10-04.16.24:957][882]LogPhysics:Warning: PHYSX: ..\..\PhysX\src\NpScene.cpp (2946) 8 : PxScene::unlockWrite() called without matching call to PxScene::lockWrite(), behaviour will be undefined.
[2015.11.10-04.16.24:958][882]LogPhysics:Warning: PHYSX: ..\..\PhysX\src\NpScene.cpp (2946) 8 : PxScene::unlockWrite() called without matching call to PxScene::lockWrite(), behaviour will be undefined.
[2015.11.10-04.16.24:958][882]LogPhysics:Warning: PHYSX: ..\..\PhysX\src\NpScene.cpp (2946) 8 : PxScene::unlockWrite() called without matching call to PxScene::lockWrite(), behaviour will be undefined.
[2015.11.10-04.16.24:958][882]LogPhysics:Warning: PHYSX: ..\..\PhysX\src\NpScene.cpp (2946) 8 : PxScene::unlockWrite() called without matching call to PxScene::lockWrite(), behaviour will be undefined.
[2015.11.10-04.16.24:959][882]LogPhysics:Warning: PHYSX: ..\..\PhysX\src\NpScene.cpp (2946) 8 : PxScene::unlockWrite() called without matching call to PxScene::lockWrite(), behaviour will be undefined.
[2015.11.10-04.16.24:959][882]LogPhysics:Warning: PHYSX: ..\..\PhysX\src\NpScene.cpp (2946) 8 : PxScene::unlockWrite() called without matching call to PxScene::lockWrite(), behaviour will be undefined.
[2015.11.10-04.16.24:959][882]LogPhysics:Warning: PHYSX: ..\..\PhysX\src\NpScene.cpp (2946) 8 : PxScene::unlockWrite() called without matching call to PxScene::lockWrite(), behaviour will be undefined.
[2015.11.10-04.16.24:959][882]LogPhysics:Warning: PHYSX: ..\..\PhysX\src\NpScene.cpp (2946) 8 : PxScene::unlockWrite() called without matching call to PxScene::lockWrite(), behaviour will be undefined.
[2015.11.10-04.16.24:960][882]LogWindows: FPlatformMisc::RequestExit(1)
[2015.11.10-04.16.24:960][882]Log file closed, 11/09/15 23:16:24
